This file contains any messages produced by compilers while
running configure, to aid debugging if configure makes a mistake.

It was created by libgcrypt configure 1.5.0, which was
generated by GNU Autoconf 2.64.  Invocation command line was

  $ ./configure --disable-asm --disable-dev-random --disable-random-daemon --enable-static CC=/home/manuel/lib/emscripten/emcc CFLAGS= CPPFLAGS=-D__QNX__ -I/home/manuel/Projekte/unix-toolbox.js/modules/libgcrypt/src/../../libgpg-error/src/src/ --no-create --no-recursion

## --------- ##
## Platform. ##
## --------- ##

hostname = canttouchthis
uname -m = i686
uname -r = 3.8.0-19-generic
uname -s = Linux
uname -v = #29-Ubuntu SMP Wed Apr 17 18:19:42 UTC 2013

/usr/bin/uname -p = unknown
/bin/uname -X     = unknown

/bin/arch              = unknown
/usr/bin/arch -k       = unknown
/usr/convex/getsysinfo = unknown
/usr/bin/hostinfo      = unknown
/bin/machine           = unknown
/usr/bin/oslevel       = unknown
/bin/universe          = unknown

PATH: /home/manuel/lib/clang+llvm-3.2-x86-linux-ubuntu-12.04/bin
PATH: /home/manuel/lib/emscripten/
PATH: /var/lib/gems/1.8/bin
PATH: /home/manuel/bin
PATH: /usr/lib/lightdm/lightdm
PATH: /usr/local/sbin
PATH: /usr/local/bin
PATH: /usr/sbin
PATH: /usr/bin
PATH: /sbin
PATH: /bin
PATH: /usr/games
PATH: /usr/local/games


## ----------- ##
## Core tests. ##
## ----------- ##

configure:2787: checking for a BSD-compatible install
configure:2855: result: /usr/bin/install -c
configure:2866: checking whether build environment is sane
configure:2916: result: yes
configure:3057: checking for a thread-safe mkdir -p
configure:3096: result: /bin/mkdir -p
configure:3109: checking for gawk
configure:3139: result: no
configure:3109: checking for mawk
configure:3125: found /usr/bin/mawk
configure:3136: result: mawk
configure:3147: checking whether make sets $(MAKE)
configure:3169: result: yes
configure:3257: checking build system type
configure:3271: result: i686-pc-linux-gnu
configure:3291: checking host system type
configure:3304: result: i686-pc-linux-gnu
configure:3325: checking whether to enable maintainer-specific portions of Makefiles
configure:3334: result: no
configure:3376: checking whether make sets $(MAKE)
configure:3398: result: yes
configure:3469: checking for gcc
configure:3496: result: /home/manuel/lib/emscripten/emcc
configure:3725: checking for C compiler version
configure:3734: /home/manuel/lib/emscripten/emcc --version >&5
emcc (Emscripten GCC-like replacement) 1.3.1 (commit 68760ff153ef0835f72facf4d6ad07e5bae23b72)
Copyright (C) 2013 the Emscripten authors (see AUTHORS.txt)
This is free and open source software under the MIT license.
There is NO warranty; not even for MERCHANTABILITY or FITNESS FOR A PARTICULAR PURPOSE.
  
configure:3745: $? = 0
configure:3734: /home/manuel/lib/emscripten/emcc -v >&5
emcc (Emscripten GCC-like replacement + linker emulating GNU ld ) 2.0
clang version 3.2 (tags/RELEASE_32/final)
Target: i386-pc-linux-gnu
Thread model: posix
configure:3745: $? = 0
configure:3734: /home/manuel/lib/emscripten/emcc -V >&5
emcc: no input files
note that input files without a known suffix are ignored, make sure your input files end with one of: ('.c', '.cpp', '.cxx', '.cc', '.bc', '.o', '.obj', '.dylib', '.so', '.dll', '.a', '.ll')
configure:3745: $? = 0
configure:3734: /home/manuel/lib/emscripten/emcc -qversion >&5
emcc: no input files
note that input files without a known suffix are ignored, make sure your input files end with one of: ('.c', '.cpp', '.cxx', '.cc', '.bc', '.o', '.obj', '.dylib', '.so', '.dll', '.a', '.ll')
configure:3745: $? = 0
configure:3767: checking for C compiler default output file name
configure:3789: /home/manuel/lib/emscripten/emcc  -D__QNX__ -I/home/manuel/Projekte/unix-toolbox.js/modules/libgcrypt/src/../../libgpg-error/src/src/  conftest.c  >&5
configure:3793: $? = 0
configure:3830: result: a.out
configure:3846: checking whether the C compiler works
configure:3855: ./a.out
configure:3859: $? = 0
configure:3874: result: yes
configure:3881: checking whether we are cross compiling
configure:3883: result: no
configure:3886: checking for suffix of executables
configure:3893: /home/manuel/lib/emscripten/emcc -o conftest  -D__QNX__ -I/home/manuel/Projekte/unix-toolbox.js/modules/libgcrypt/src/../../libgpg-error/src/src/  conftest.c  >&5
configure:3897: $? = 0
configure:3919: result: 
configure:3925: checking for suffix of object files
configure:3947: /home/manuel/lib/emscripten/emcc -c  -D__QNX__ -I/home/manuel/Projekte/unix-toolbox.js/modules/libgcrypt/src/../../libgpg-error/src/src/ conftest.c >&5
configure:3951: $? = 0
configure:3972: result: o
configure:3976: checking whether we are using the GNU C compiler
configure:3995: /home/manuel/lib/emscripten/emcc -c  -D__QNX__ -I/home/manuel/Projekte/unix-toolbox.js/modules/libgcrypt/src/../../libgpg-error/src/src/ conftest.c >&5
configure:3995: $? = 0
configure:4004: result: yes
configure:4013: checking whether /home/manuel/lib/emscripten/emcc accepts -g
configure:4033: /home/manuel/lib/emscripten/emcc -c -g -D__QNX__ -I/home/manuel/Projekte/unix-toolbox.js/modules/libgcrypt/src/../../libgpg-error/src/src/ conftest.c >&5
configure:4033: $? = 0
configure:4074: result: yes
configure:4091: checking for /home/manuel/lib/emscripten/emcc option to accept ISO C89
configure:4155: /home/manuel/lib/emscripten/emcc  -c  -D__QNX__ -I/home/manuel/Projekte/unix-toolbox.js/modules/libgcrypt/src/../../libgpg-error/src/src/ conftest.c >&5
configure:4155: $? = 0
configure:4168: result: none needed
configure:4199: checking for style of include used by make
configure:4227: result: GNU
configure:4252: checking dependency style of /home/manuel/lib/emscripten/emcc
configure:4362: result: gcc3
configure:4382: checking how to run the C preprocessor
configure:4413: /home/manuel/lib/emscripten/emcc -E -D__QNX__ -I/home/manuel/Projekte/unix-toolbox.js/modules/libgcrypt/src/../../libgpg-error/src/src/ conftest.c
configure:4413: $? = 0
configure:4427: /home/manuel/lib/emscripten/emcc -E -D__QNX__ -I/home/manuel/Projekte/unix-toolbox.js/modules/libgcrypt/src/../../libgpg-error/src/src/ conftest.c
conftest.c:13:10: fatal error: 'ac_nonexistent.h' file not found
#include <ac_nonexistent.h>
         ^
1 error generated.
configure:4427: $? = 1
configure: failed program was:
| /* confdefs.h */
| #define PACKAGE_NAME "libgcrypt"
| #define PACKAGE_TARNAME "libgcrypt"
| #define PACKAGE_VERSION "1.5.0"
| #define PACKAGE_STRING "libgcrypt 1.5.0"
| #define PACKAGE_BUGREPORT "bug-libgcrypt@gnupg.org"
| #define PACKAGE_URL ""
| #define PACKAGE "libgcrypt"
| #define VERSION "1.5.0"
| #define PACKAGE "libgcrypt"
| #define VERSION "1.5.0"
| /* end confdefs.h.  */
| #include <ac_nonexistent.h>
configure:4452: result: /home/manuel/lib/emscripten/emcc -E
configure:4472: /home/manuel/lib/emscripten/emcc -E -D__QNX__ -I/home/manuel/Projekte/unix-toolbox.js/modules/libgcrypt/src/../../libgpg-error/src/src/ conftest.c
configure:4472: $? = 0
configure:4486: /home/manuel/lib/emscripten/emcc -E -D__QNX__ -I/home/manuel/Projekte/unix-toolbox.js/modules/libgcrypt/src/../../libgpg-error/src/src/ conftest.c
conftest.c:13:10: fatal error: 'ac_nonexistent.h' file not found
#include <ac_nonexistent.h>
         ^
1 error generated.
configure:4486: $? = 1
configure: failed program was:
| /* confdefs.h */
| #define PACKAGE_NAME "libgcrypt"
| #define PACKAGE_TARNAME "libgcrypt"
| #define PACKAGE_VERSION "1.5.0"
| #define PACKAGE_STRING "libgcrypt 1.5.0"
| #define PACKAGE_BUGREPORT "bug-libgcrypt@gnupg.org"
| #define PACKAGE_URL ""
| #define PACKAGE "libgcrypt"
| #define VERSION "1.5.0"
| #define PACKAGE "libgcrypt"
| #define VERSION "1.5.0"
| /* end confdefs.h.  */
| #include <ac_nonexistent.h>
configure:4515: checking whether /home/manuel/lib/emscripten/emcc and cc understand -c and -o together
configure:4546: /home/manuel/lib/emscripten/emcc -c conftest.c -o conftest2.o >&5
configure:4550: $? = 0
configure:4556: /home/manuel/lib/emscripten/emcc -c conftest.c -o conftest2.o >&5
configure:4560: $? = 0
configure:4571: cc -c conftest.c >&5
configure:4575: $? = 0
configure:4583: cc -c conftest.c -o conftest2.o >&5
configure:4587: $? = 0
configure:4593: cc -c conftest.c -o conftest2.o >&5
configure:4597: $? = 0
configure:4615: result: yes
configure:4649: checking dependency style of /home/manuel/lib/emscripten/emcc
configure:4757: result: gcc3
configure:4773: checking for library containing strerror
configure:4804: /home/manuel/lib/emscripten/emcc -o conftest  -D__QNX__ -I/home/manuel/Projekte/unix-toolbox.js/modules/libgcrypt/src/../../libgpg-error/src/src/  conftest.c  >&5
conftest.c:20:6: warning: incompatible redeclaration of library function 'strerror'
char strerror ();
     ^
conftest.c:20:6: note: 'strerror' is a builtin with type 'char *(int)'
1 warning generated.
configure:4804: $? = 0
configure:4821: result: none required
configure:4834: checking for gawk
configure:4861: result: mawk
configure:4874: checking for grep that handles long lines and -e
configure:4932: result: /bin/grep
configure:4937: checking for egrep
configure:4999: result: /bin/grep -E
configure:5004: checking for ANSI C header files
configure:5024: /home/manuel/lib/emscripten/emcc -c  -D__QNX__ -I/home/manuel/Projekte/unix-toolbox.js/modules/libgcrypt/src/../../libgpg-error/src/src/ conftest.c >&5
configure:5024: $? = 0
configure:5097: /home/manuel/lib/emscripten/emcc -o conftest  -D__QNX__ -I/home/manuel/Projekte/unix-toolbox.js/modules/libgcrypt/src/../../libgpg-error/src/src/  conftest.c  >&5
configure:5097: $? = 0
configure:5097: ./conftest
configure:5097: $? = 0
configure:5108: result: yes
configure:5121: checking for sys/types.h
configure:5121: /home/manuel/lib/emscripten/emcc -c  -D__QNX__ -I/home/manuel/Projekte/unix-toolbox.js/modules/libgcrypt/src/../../libgpg-error/src/src/ conftest.c >&5
configure:5121: $? = 0
configure:5121: result: yes
configure:5121: checking for sys/stat.h
configure:5121: /home/manuel/lib/emscripten/emcc -c  -D__QNX__ -I/home/manuel/Projekte/unix-toolbox.js/modules/libgcrypt/src/../../libgpg-error/src/src/ conftest.c >&5
configure:5121: $? = 0
configure:5121: result: yes
configure:5121: checking for stdlib.h
configure:5121: /home/manuel/lib/emscripten/emcc -c  -D__QNX__ -I/home/manuel/Projekte/unix-toolbox.js/modules/libgcrypt/src/../../libgpg-error/src/src/ conftest.c >&5
configure:5121: $? = 0
configure:5121: result: yes
configure:5121: checking for string.h
configure:5121: /home/manuel/lib/emscripten/emcc -c  -D__QNX__ -I/home/manuel/Projekte/unix-toolbox.js/modules/libgcrypt/src/../../libgpg-error/src/src/ conftest.c >&5
configure:5121: $? = 0
configure:5121: result: yes
configure:5121: checking for memory.h
configure:5121: /home/manuel/lib/emscripten/emcc -c  -D__QNX__ -I/home/manuel/Projekte/unix-toolbox.js/modules/libgcrypt/src/../../libgpg-error/src/src/ conftest.c >&5
configure:5121: $? = 0
configure:5121: result: yes
configure:5121: checking for strings.h
configure:5121: /home/manuel/lib/emscripten/emcc -c  -D__QNX__ -I/home/manuel/Projekte/unix-toolbox.js/modules/libgcrypt/src/../../libgpg-error/src/src/ conftest.c >&5
configure:5121: $? = 0
configure:5121: result: yes
configure:5121: checking for inttypes.h
configure:5121: /home/manuel/lib/emscripten/emcc -c  -D__QNX__ -I/home/manuel/Projekte/unix-toolbox.js/modules/libgcrypt/src/../../libgpg-error/src/src/ conftest.c >&5
configure:5121: $? = 0
configure:5121: result: yes
configure:5121: checking for stdint.h
configure:5121: /home/manuel/lib/emscripten/emcc -c  -D__QNX__ -I/home/manuel/Projekte/unix-toolbox.js/modules/libgcrypt/src/../../libgpg-error/src/src/ conftest.c >&5
configure:5121: $? = 0
configure:5121: result: yes
configure:5121: checking for unistd.h
configure:5121: /home/manuel/lib/emscripten/emcc -c  -D__QNX__ -I/home/manuel/Projekte/unix-toolbox.js/modules/libgcrypt/src/../../libgpg-error/src/src/ conftest.c >&5
configure:5121: $? = 0
configure:5121: result: yes
configure:5135: checking minix/config.h usability
configure:5135: /home/manuel/lib/emscripten/emcc -c  -D__QNX__ -I/home/manuel/Projekte/unix-toolbox.js/modules/libgcrypt/src/../../libgpg-error/src/src/ conftest.c >&5
conftest.c:56:10: fatal error: 'minix/config.h' file not found
#include <minix/config.h>
         ^
1 error generated.
configure:5135: $? = 1
configure: failed program was:
| /* confdefs.h */
| #define PACKAGE_NAME "libgcrypt"
| #define PACKAGE_TARNAME "libgcrypt"
| #define PACKAGE_VERSION "1.5.0"
| #define PACKAGE_STRING "libgcrypt 1.5.0"
| #define PACKAGE_BUGREPORT "bug-libgcrypt@gnupg.org"
| #define PACKAGE_URL ""
| #define PACKAGE "libgcrypt"
| #define VERSION "1.5.0"
| #define PACKAGE "libgcrypt"
| #define VERSION "1.5.0"
| #define STDC_HEADERS 1
| #define HAVE_SYS_TYPES_H 1
| #define HAVE_SYS_STAT_H 1
| #define HAVE_STDLIB_H 1
| #define HAVE_STRING_H 1
| #define HAVE_MEMORY_H 1
| #define HAVE_STRINGS_H 1
| #define HAVE_INTTYPES_H 1
| #define HAVE_STDINT_H 1
| #define HAVE_UNISTD_H 1
| /* end confdefs.h.  */
| #include <stdio.h>
| #ifdef HAVE_SYS_TYPES_H
| # include <sys/types.h>
| #endif
| #ifdef HAVE_SYS_STAT_H
| # include <sys/stat.h>
| #endif
| #ifdef STDC_HEADERS
| # include <stdlib.h>
| # include <stddef.h>
| #else
| # ifdef HAVE_STDLIB_H
| #  include <stdlib.h>
| # endif
| #endif
| #ifdef HAVE_STRING_H
| # if !defined STDC_HEADERS && defined HAVE_MEMORY_H
| #  include <memory.h>
| # endif
| # include <string.h>
| #endif
| #ifdef HAVE_STRINGS_H
| # include <strings.h>
| #endif
| #ifdef HAVE_INTTYPES_H
| # include <inttypes.h>
| #endif
| #ifdef HAVE_STDINT_H
| # include <stdint.h>
| #endif
| #ifdef HAVE_UNISTD_H
| # include <unistd.h>
| #endif
| #include <minix/config.h>
configure:5135: result: no
configure:5135: checking minix/config.h presence
configure:5135: /home/manuel/lib/emscripten/emcc -E -D__QNX__ -I/home/manuel/Projekte/unix-toolbox.js/modules/libgcrypt/src/../../libgpg-error/src/src/ conftest.c
conftest.c:23:10: fatal error: 'minix/config.h' file not found
#include <minix/config.h>
         ^
1 error generated.
configure:5135: $? = 1
configure: failed program was:
| /* confdefs.h */
| #define PACKAGE_NAME "libgcrypt"
| #define PACKAGE_TARNAME "libgcrypt"
| #define PACKAGE_VERSION "1.5.0"
| #define PACKAGE_STRING "libgcrypt 1.5.0"
| #define PACKAGE_BUGREPORT "bug-libgcrypt@gnupg.org"
| #define PACKAGE_URL ""
| #define PACKAGE "libgcrypt"
| #define VERSION "1.5.0"
| #define PACKAGE "libgcrypt"
| #define VERSION "1.5.0"
| #define STDC_HEADERS 1
| #define HAVE_SYS_TYPES_H 1
| #define HAVE_SYS_STAT_H 1
| #define HAVE_STDLIB_H 1
| #define HAVE_STRING_H 1
| #define HAVE_MEMORY_H 1
| #define HAVE_STRINGS_H 1
| #define HAVE_INTTYPES_H 1
| #define HAVE_STDINT_H 1
| #define HAVE_UNISTD_H 1
| /* end confdefs.h.  */
| #include <minix/config.h>
configure:5135: result: no
configure:5135: checking for minix/config.h
configure:5135: result: no
configure:5156: checking whether it is safe to define __EXTENSIONS__
configure:5174: /home/manuel/lib/emscripten/emcc -c  -D__QNX__ -I/home/manuel/Projekte/unix-toolbox.js/modules/libgcrypt/src/../../libgpg-error/src/src/ conftest.c >&5
configure:5174: $? = 0
configure:5181: result: yes
configure:5224: checking for a sed that does not truncate output
configure:5288: result: /bin/sed
configure:5306: checking for fgrep
configure:5368: result: /bin/grep -F
configure:5403: checking for ld used by /home/manuel/lib/emscripten/emcc
emcc: no input files
note that input files without a known suffix are ignored, make sure your input files end with one of: ('.c', '.cpp', '.cxx', '.cc', '.bc', '.o', '.obj', '.dylib', '.so', '.dll', '.a', '.ll')
configure:5470: result: /home/manuel/lib/emscripten/emcc
configure:5477: checking if the linker (/home/manuel/lib/emscripten/emcc) is GNU ld
configure:5492: result: yes
configure:5504: checking for BSD- or MS-compatible name lister (nm)
configure:5553: result: /usr/bin/nm -B
configure:5671: checking the name lister (/usr/bin/nm -B) interface
configure:5678: /home/manuel/lib/emscripten/emcc -c  -D__QNX__ -I/home/manuel/Projekte/unix-toolbox.js/modules/libgcrypt/src/../../libgpg-error/src/src/ conftest.c >&5
configure:5681: /usr/bin/nm -B "conftest.o"
configure:5684: output
00000000 B some_variable
configure:5691: result: BSD nm
configure:5694: checking whether ln -s works
configure:5698: result: yes
configure:5706: checking the maximum length of command line arguments
configure:5826: result: 805306365
configure:5843: checking whether the shell understands some XSI constructs
configure:5853: result: yes
configure:5857: checking whether the shell understands "+="
configure:5863: result: yes
configure:5898: checking for /home/manuel/lib/emscripten/emcc option to reload object files
configure:5905: result: -r
configure:5974: checking for objdump
configure:5990: found /usr/bin/objdump
configure:6001: result: objdump
configure:6030: checking how to recognize dependent libraries
configure:6226: result: pass_all
configure:6286: checking for ar
configure:6313: result: /home/manuel/lib/emscripten/emar
configure:6391: checking for strip
configure:6407: found /usr/bin/strip
configure:6418: result: strip
configure:6490: checking for ranlib
configure:6517: result: /home/manuel/lib/emscripten/emranlib
configure:6607: checking command to parse /usr/bin/nm -B output from /home/manuel/lib/emscripten/emcc object
configure:6725: /home/manuel/lib/emscripten/emcc -c  -D__QNX__ -I/home/manuel/Projekte/unix-toolbox.js/modules/libgcrypt/src/../../libgpg-error/src/src/ conftest.c >&5
configure:6728: $? = 0
configure:6732: /usr/bin/nm -B conftest.o \| sed -n -e 's/^.*[	 ]\([ABCDGIRSTW][ABCDGIRSTW]*\)[	 ][	 ]*\([_A-Za-z][_A-Za-z0-9]*\)$/\1 \2 \2/p' \> conftest.nm
configure:6735: $? = 0
configure:6789: /home/manuel/lib/emscripten/emcc -o conftest  -D__QNX__ -I/home/manuel/Projekte/unix-toolbox.js/modules/libgcrypt/src/../../libgpg-error/src/src/  conftest.c conftstm.o >&5
configure:6792: $? = 0
configure:6830: result: ok
configure:7635: checking for dlfcn.h
configure:7635: /home/manuel/lib/emscripten/emcc -c  -D__QNX__ -I/home/manuel/Projekte/unix-toolbox.js/modules/libgcrypt/src/../../libgpg-error/src/src/ conftest.c >&5
configure:7635: $? = 0
configure:7635: result: yes
configure:8116: checking for objdir
configure:8131: result: .libs
configure:8427: checking if /home/manuel/lib/emscripten/emcc supports -fno-rtti -fno-exceptions
configure:8445: /home/manuel/lib/emscripten/emcc -c  -D__QNX__ -I/home/manuel/Projekte/unix-toolbox.js/modules/libgcrypt/src/../../libgpg-error/src/src/ -fno-rtti -fno-exceptions conftest.c >&5
configure:8449: $? = 0
configure:8462: result: yes
configure:8482: checking for /home/manuel/lib/emscripten/emcc option to produce PIC
configure:8754: result: -fPIC -DPIC
configure:8766: checking if /home/manuel/lib/emscripten/emcc PIC flag -fPIC -DPIC works
configure:8784: /home/manuel/lib/emscripten/emcc -c  -D__QNX__ -I/home/manuel/Projekte/unix-toolbox.js/modules/libgcrypt/src/../../libgpg-error/src/src/ -fPIC -DPIC -DPIC conftest.c >&5
configure:8788: $? = 0
configure:8801: result: yes
configure:8825: checking if /home/manuel/lib/emscripten/emcc static flag -static works
configure:8853: result: yes
configure:8868: checking if /home/manuel/lib/emscripten/emcc supports -c -o file.o
configure:8889: /home/manuel/lib/emscripten/emcc -c  -D__QNX__ -I/home/manuel/Projekte/unix-toolbox.js/modules/libgcrypt/src/../../libgpg-error/src/src/ -o out/conftest2.o conftest.c >&5
configure:8893: $? = 0
configure:8915: result: yes
configure:8923: checking if /home/manuel/lib/emscripten/emcc supports -c -o file.o
configure:8970: result: yes
configure:9003: checking whether the /home/manuel/lib/emscripten/emcc linker (/home/manuel/lib/emscripten/emcc) supports shared libraries
configure:9993: result: yes
configure:10030: checking whether -lc should be explicitly linked in
configure:10035: /home/manuel/lib/emscripten/emcc -c  -D__QNX__ -I/home/manuel/Projekte/unix-toolbox.js/modules/libgcrypt/src/../../libgpg-error/src/src/ conftest.c >&5
configure:10038: $? = 0
configure:10053: /home/manuel/lib/emscripten/emcc -shared conftest.o  -v -Wl,-soname -Wl,conftest -o conftest 2\>\&1 \| /bin/grep  -lc  \>/dev/null 2\>\&1
configure:10056: $? = 1
configure:10068: result: yes
configure:10232: checking dynamic linker characteristics
configure:10665: /home/manuel/lib/emscripten/emcc -o conftest  -D__QNX__ -I/home/manuel/Projekte/unix-toolbox.js/modules/libgcrypt/src/../../libgpg-error/src/src/  -Wl,-rpath -Wl,/foo conftest.c  >&5
configure:10665: $? = 0
configure:10895: result: GNU/Linux ld.so
configure:10997: checking how to hardcode library paths into programs
configure:11022: result: immediate
configure:11542: checking whether stripping libraries is possible
configure:11547: result: yes
configure:11582: checking if libtool supports shared libraries
configure:11584: result: yes
configure:11587: checking whether to build shared libraries
configure:11608: result: yes
configure:11611: checking whether to build static libraries
configure:11615: result: yes
configure:11693: checking for windres
configure:11723: result: no
configure:12008: checking whether byte ordering is bigendian
configure:12023: /home/manuel/lib/emscripten/emcc -c  -D__QNX__ -I/home/manuel/Projekte/unix-toolbox.js/modules/libgcrypt/src/../../libgpg-error/src/src/ conftest.c >&5
conftest.c:31:9: error: unknown type name 'not'
               not a universal capable compiler
               ^
conftest.c:31:14: error: expected ';' after top level declarator
               not a universal capable compiler
                    ^
                    ;
2 errors generated.
configure:12023: $? = 1
configure: failed program was:
| /* confdefs.h */
| #define PACKAGE_NAME "libgcrypt"
| #define PACKAGE_TARNAME "libgcrypt"
| #define PACKAGE_VERSION "1.5.0"
| #define PACKAGE_STRING "libgcrypt 1.5.0"
| #define PACKAGE_BUGREPORT "bug-libgcrypt@gnupg.org"
| #define PACKAGE_URL ""
| #define PACKAGE "libgcrypt"
| #define VERSION "1.5.0"
| #define PACKAGE "libgcrypt"
| #define VERSION "1.5.0"
| #define STDC_HEADERS 1
| #define HAVE_SYS_TYPES_H 1
| #define HAVE_SYS_STAT_H 1
| #define HAVE_STDLIB_H 1
| #define HAVE_STRING_H 1
| #define HAVE_MEMORY_H 1
| #define HAVE_STRINGS_H 1
| #define HAVE_INTTYPES_H 1
| #define HAVE_STDINT_H 1
| #define HAVE_UNISTD_H 1
| #define __EXTENSIONS__ 1
| #define _ALL_SOURCE 1
| #define _GNU_SOURCE 1
| #define _POSIX_PTHREAD_SEMANTICS 1
| #define _TANDEM_SOURCE 1
| #define HAVE_DLFCN_H 1
| #define LT_OBJDIR ".libs/"
| /* end confdefs.h.  */
| #ifndef __APPLE_CC__
| 	       not a universal capable compiler
| 	     #endif
| 	     typedef int dummy;
| 
configure:12068: /home/manuel/lib/emscripten/emcc -c  -D__QNX__ -I/home/manuel/Projekte/unix-toolbox.js/modules/libgcrypt/src/../../libgpg-error/src/src/ conftest.c >&5
configure:12068: $? = 0
configure:12086: /home/manuel/lib/emscripten/emcc -c  -D__QNX__ -I/home/manuel/Projekte/unix-toolbox.js/modules/libgcrypt/src/../../libgpg-error/src/src/ conftest.c >&5
conftest.c:37:4: error: use of undeclared identifier 'not'
                 not big endian
                 ^
1 error generated.
configure:12086: $? = 1
configure: failed program was:
| /* confdefs.h */
| #define PACKAGE_NAME "libgcrypt"
| #define PACKAGE_TARNAME "libgcrypt"
| #define PACKAGE_VERSION "1.5.0"
| #define PACKAGE_STRING "libgcrypt 1.5.0"
| #define PACKAGE_BUGREPORT "bug-libgcrypt@gnupg.org"
| #define PACKAGE_URL ""
| #define PACKAGE "libgcrypt"
| #define VERSION "1.5.0"
| #define PACKAGE "libgcrypt"
| #define VERSION "1.5.0"
| #define STDC_HEADERS 1
| #define HAVE_SYS_TYPES_H 1
| #define HAVE_SYS_STAT_H 1
| #define HAVE_STDLIB_H 1
| #define HAVE_STRING_H 1
| #define HAVE_MEMORY_H 1
| #define HAVE_STRINGS_H 1
| #define HAVE_INTTYPES_H 1
| #define HAVE_STDINT_H 1
| #define HAVE_UNISTD_H 1
| #define __EXTENSIONS__ 1
| #define _ALL_SOURCE 1
| #define _GNU_SOURCE 1
| #define _POSIX_PTHREAD_SEMANTICS 1
| #define _TANDEM_SOURCE 1
| #define HAVE_DLFCN_H 1
| #define LT_OBJDIR ".libs/"
| /* end confdefs.h.  */
| #include <sys/types.h>
| 		#include <sys/param.h>
| 
| int
| main ()
| {
| #if BYTE_ORDER != BIG_ENDIAN
| 		 not big endian
| 		#endif
| 
|   ;
|   return 0;
| }
configure:12214: result: no
configure:12242: checking size of unsigned short
configure:12247: /home/manuel/lib/emscripten/emcc -o conftest  -D__QNX__ -I/home/manuel/Projekte/unix-toolbox.js/modules/libgcrypt/src/../../libgpg-error/src/src/  conftest.c  >&5
configure:12247: $? = 0
configure:12247: ./conftest
configure:12247: $? = 0
configure:12262: result: 2
configure:12276: checking size of unsigned int
configure:12281: /home/manuel/lib/emscripten/emcc -o conftest  -D__QNX__ -I/home/manuel/Projekte/unix-toolbox.js/modules/libgcrypt/src/../../libgpg-error/src/src/  conftest.c  >&5
configure:12281: $? = 0
configure:12281: ./conftest
configure:12281: $? = 0
configure:12296: result: 4
configure:12310: checking size of unsigned long
configure:12315: /home/manuel/lib/emscripten/emcc -o conftest  -D__QNX__ -I/home/manuel/Projekte/unix-toolbox.js/modules/libgcrypt/src/../../libgpg-error/src/src/  conftest.c  >&5
configure:12315: $? = 0
configure:12315: ./conftest
configure:12315: $? = 0
configure:12330: result: 4
configure:12344: checking size of unsigned long long
configure:12349: /home/manuel/lib/emscripten/emcc -o conftest  -D__QNX__ -I/home/manuel/Projekte/unix-toolbox.js/modules/libgcrypt/src/../../libgpg-error/src/src/  conftest.c  >&5
configure:12349: $? = 0
configure:12349: ./conftest
configure:12349: $? = 0
configure:12364: result: 8
configure:12376: checking for uintptr_t
configure:12376: /home/manuel/lib/emscripten/emcc -c  -D__QNX__ -I/home/manuel/Projekte/unix-toolbox.js/modules/libgcrypt/src/../../libgpg-error/src/src/ conftest.c >&5
configure:12376: $? = 0
configure:12376: /home/manuel/lib/emscripten/emcc -c  -D__QNX__ -I/home/manuel/Projekte/unix-toolbox.js/modules/libgcrypt/src/../../libgpg-error/src/src/ conftest.c >&5
conftest.c:70:24: error: expected expression
if (sizeof ((uintptr_t)))
                       ^
1 error generated.
configure:12376: $? = 1
configure: failed program was:
| /* confdefs.h */
| #define PACKAGE_NAME "libgcrypt"
| #define PACKAGE_TARNAME "libgcrypt"
| #define PACKAGE_VERSION "1.5.0"
| #define PACKAGE_STRING "libgcrypt 1.5.0"
| #define PACKAGE_BUGREPORT "bug-libgcrypt@gnupg.org"
| #define PACKAGE_URL ""
| #define PACKAGE "libgcrypt"
| #define VERSION "1.5.0"
| #define PACKAGE "libgcrypt"
| #define VERSION "1.5.0"
| #define STDC_HEADERS 1
| #define HAVE_SYS_TYPES_H 1
| #define HAVE_SYS_STAT_H 1
| #define HAVE_STDLIB_H 1
| #define HAVE_STRING_H 1
| #define HAVE_MEMORY_H 1
| #define HAVE_STRINGS_H 1
| #define HAVE_INTTYPES_H 1
| #define HAVE_STDINT_H 1
| #define HAVE_UNISTD_H 1
| #define __EXTENSIONS__ 1
| #define _ALL_SOURCE 1
| #define _GNU_SOURCE 1
| #define _POSIX_PTHREAD_SEMANTICS 1
| #define _TANDEM_SOURCE 1
| #define HAVE_DLFCN_H 1
| #define LT_OBJDIR ".libs/"
| #define SIZEOF_UNSIGNED_SHORT 2
| #define SIZEOF_UNSIGNED_INT 4
| #define SIZEOF_UNSIGNED_LONG 4
| #define SIZEOF_UNSIGNED_LONG_LONG 8
| /* end confdefs.h.  */
| #include <stdio.h>
| #ifdef HAVE_SYS_TYPES_H
| # include <sys/types.h>
| #endif
| #ifdef HAVE_SYS_STAT_H
| # include <sys/stat.h>
| #endif
| #ifdef STDC_HEADERS
| # include <stdlib.h>
| # include <stddef.h>
| #else
| # ifdef HAVE_STDLIB_H
| #  include <stdlib.h>
| # endif
| #endif
| #ifdef HAVE_STRING_H
| # if !defined STDC_HEADERS && defined HAVE_MEMORY_H
| #  include <memory.h>
| # endif
| # include <string.h>
| #endif
| #ifdef HAVE_STRINGS_H
| # include <strings.h>
| #endif
| #ifdef HAVE_INTTYPES_H
| # include <inttypes.h>
| #endif
| #ifdef HAVE_STDINT_H
| # include <stdint.h>
| #endif
| #ifdef HAVE_UNISTD_H
| # include <unistd.h>
| #endif
| int
| main ()
| {
| if (sizeof ((uintptr_t)))
| 	    return 0;
|   ;
|   return 0;
| }
configure:12376: result: yes
configure:12461: checking which symmetric ciphers to include
configure:12479: result: arcfour blowfish cast5 des aes twofish serpent rfc2268 seed camellia
configure:12495: checking which public-key ciphers to include
configure:12513: result: dsa elgamal rsa ecc
configure:12529: checking which message digests to include
configure:12547: result: crc md4 md5 rmd160 sha1 sha256 sha512 tiger whirlpool
configure:12559: checking which random module to use
configure:12577: result: default
configure:12581: checking whether use of /dev/random is requested
configure:12590: result: no
configure:12609: checking whether the experimental random daemon is requested
configure:12618: result: no
configure:12636: checking whether MPI assembler modules are requested
configure:12645: result: no
configure:12649: checking whether memory guard is requested
configure:12658: result: no
configure:12668: checking whether use of capabilities is requested
configure:12678: result: no
configure:12682: checking whether a HMAC binary check is requested
configure:12691: result: no
configure:12701: checking whether padlock support is requested
configure:12710: result: yes
configure:12719: checking whether AESNI support is requested
configure:12728: result: yes
configure:12737: checking whether a -O flag munging is requested
configure:12746: result: yes
configure:12871: checking for gpg-error-config
configure:12889: found /usr/bin/gpg-error-config
configure:12901: result: /usr/bin/gpg-error-config
configure:12924: checking for GPG Error - version >= 1.8
configure:12950: result: yes (1.10)
configure:13168: checking for library containing setsockopt
configure:13199: /home/manuel/lib/emscripten/emcc -o conftest  -D__QNX__ -I/home/manuel/Projekte/unix-toolbox.js/modules/libgcrypt/src/../../libgpg-error/src/src/  conftest.c  >&5
configure:13199: $? = 0
configure:13216: result: none required
configure:13281: checking for library containing setsockopt
configure:13329: result: none required
configure:13342: checking for ANSI C header files
configure:13446: result: yes
configure:13457: checking for unistd.h
configure:13457: result: yes
configure:13457: checking sys/select.h usability
configure:13457: /home/manuel/lib/emscripten/emcc -c  -D__QNX__ -I/home/manuel/Projekte/unix-toolbox.js/modules/libgcrypt/src/../../libgpg-error/src/src/ conftest.c >&5
configure:13457: $? = 0
configure:13457: result: yes
configure:13457: checking sys/select.h presence
configure:13457: /home/manuel/lib/emscripten/emcc -E -D__QNX__ -I/home/manuel/Projekte/unix-toolbox.js/modules/libgcrypt/src/../../libgpg-error/src/src/ conftest.c
configure:13457: $? = 0
configure:13457: result: yes
configure:13457: checking for sys/select.h
configure:13457: result: yes
configure:13457: checking sys/msg.h usability
configure:13457: /home/manuel/lib/emscripten/emcc -c  -D__QNX__ -I/home/manuel/Projekte/unix-toolbox.js/modules/libgcrypt/src/../../libgpg-error/src/src/ conftest.c >&5
conftest.c:78:10: fatal error: 'sys/msg.h' file not found
#include <sys/msg.h>
         ^
1 error generated.
configure:13457: $? = 1
configure: failed program was:
| /* confdefs.h */
| #define PACKAGE_NAME "libgcrypt"
| #define PACKAGE_TARNAME "libgcrypt"
| #define PACKAGE_VERSION "1.5.0"
| #define PACKAGE_STRING "libgcrypt 1.5.0"
| #define PACKAGE_BUGREPORT "bug-libgcrypt@gnupg.org"
| #define PACKAGE_URL ""
| #define PACKAGE "libgcrypt"
| #define VERSION "1.5.0"
| #define PACKAGE "libgcrypt"
| #define VERSION "1.5.0"
| #define STDC_HEADERS 1
| #define HAVE_SYS_TYPES_H 1
| #define HAVE_SYS_STAT_H 1
| #define HAVE_STDLIB_H 1
| #define HAVE_STRING_H 1
| #define HAVE_MEMORY_H 1
| #define HAVE_STRINGS_H 1
| #define HAVE_INTTYPES_H 1
| #define HAVE_STDINT_H 1
| #define HAVE_UNISTD_H 1
| #define __EXTENSIONS__ 1
| #define _ALL_SOURCE 1
| #define _GNU_SOURCE 1
| #define _POSIX_PTHREAD_SEMANTICS 1
| #define _TANDEM_SOURCE 1
| #define HAVE_DLFCN_H 1
| #define LT_OBJDIR ".libs/"
| #define SIZEOF_UNSIGNED_SHORT 2
| #define SIZEOF_UNSIGNED_INT 4
| #define SIZEOF_UNSIGNED_LONG 4
| #define SIZEOF_UNSIGNED_LONG_LONG 8
| #define HAVE_UINTPTR_T 1
| #define EGD_SOCKET_NAME ""
| #define ENABLE_PADLOCK_SUPPORT 1
| #define ENABLE_AESNI_SUPPORT 1
| #define PRINTABLE_OS_NAME "GNU/Linux"
| #define NAME_OF_DEV_RANDOM "/dev/random"
| #define NAME_OF_DEV_URANDOM "/dev/urandom"
| #define GPG_ERR_SOURCE_DEFAULT GPG_ERR_SOURCE_GCRYPT
| #define STDC_HEADERS 1
| #define HAVE_UNISTD_H 1
| #define HAVE_SYS_SELECT_H 1
| /* end confdefs.h.  */
| #include <stdio.h>
| #ifdef HAVE_SYS_TYPES_H
| # include <sys/types.h>
| #endif
| #ifdef HAVE_SYS_STAT_H
| # include <sys/stat.h>
| #endif
| #ifdef STDC_HEADERS
| # include <stdlib.h>
| # include <stddef.h>
| #else
| # ifdef HAVE_STDLIB_H
| #  include <stdlib.h>
| # endif
| #endif
| #ifdef HAVE_STRING_H
| # if !defined STDC_HEADERS && defined HAVE_MEMORY_H
| #  include <memory.h>
| # endif
| # include <string.h>
| #endif
| #ifdef HAVE_STRINGS_H
| # include <strings.h>
| #endif
| #ifdef HAVE_INTTYPES_H
| # include <inttypes.h>
| #endif
| #ifdef HAVE_STDINT_H
| # include <stdint.h>
| #endif
| #ifdef HAVE_UNISTD_H
| # include <unistd.h>
| #endif
| #include <sys/msg.h>
configure:13457: result: no
configure:13457: checking sys/msg.h presence
configure:13457: /home/manuel/lib/emscripten/emcc -E -D__QNX__ -I/home/manuel/Projekte/unix-toolbox.js/modules/libgcrypt/src/../../libgpg-error/src/src/ conftest.c
conftest.c:45:10: fatal error: 'sys/msg.h' file not found
#include <sys/msg.h>
         ^
1 error generated.
configure:13457: $? = 1
configure: failed program was:
| /* confdefs.h */
| #define PACKAGE_NAME "libgcrypt"
| #define PACKAGE_TARNAME "libgcrypt"
| #define PACKAGE_VERSION "1.5.0"
| #define PACKAGE_STRING "libgcrypt 1.5.0"
| #define PACKAGE_BUGREPORT "bug-libgcrypt@gnupg.org"
| #define PACKAGE_URL ""
| #define PACKAGE "libgcrypt"
| #define VERSION "1.5.0"
| #define PACKAGE "libgcrypt"
| #define VERSION "1.5.0"
| #define STDC_HEADERS 1
| #define HAVE_SYS_TYPES_H 1
| #define HAVE_SYS_STAT_H 1
| #define HAVE_STDLIB_H 1
| #define HAVE_STRING_H 1
| #define HAVE_MEMORY_H 1
| #define HAVE_STRINGS_H 1
| #define HAVE_INTTYPES_H 1
| #define HAVE_STDINT_H 1
| #define HAVE_UNISTD_H 1
| #define __EXTENSIONS__ 1
| #define _ALL_SOURCE 1
| #define _GNU_SOURCE 1
| #define _POSIX_PTHREAD_SEMANTICS 1
| #define _TANDEM_SOURCE 1
| #define HAVE_DLFCN_H 1
| #define LT_OBJDIR ".libs/"
| #define SIZEOF_UNSIGNED_SHORT 2
| #define SIZEOF_UNSIGNED_INT 4
| #define SIZEOF_UNSIGNED_LONG 4
| #define SIZEOF_UNSIGNED_LONG_LONG 8
| #define HAVE_UINTPTR_T 1
| #define EGD_SOCKET_NAME ""
| #define ENABLE_PADLOCK_SUPPORT 1
| #define ENABLE_AESNI_SUPPORT 1
| #define PRINTABLE_OS_NAME "GNU/Linux"
| #define NAME_OF_DEV_RANDOM "/dev/random"
| #define NAME_OF_DEV_URANDOM "/dev/urandom"
| #define GPG_ERR_SOURCE_DEFAULT GPG_ERR_SOURCE_GCRYPT
| #define STDC_HEADERS 1
| #define HAVE_UNISTD_H 1
| #define HAVE_SYS_SELECT_H 1
| /* end confdefs.h.  */
| #include <sys/msg.h>
configure:13457: result: no
configure:13457: checking for sys/msg.h
configure:13457: result: no
configure:13480: checking for an ANSI C-conforming const
configure:13545: /home/manuel/lib/emscripten/emcc -c  -D__QNX__ -I/home/manuel/Projekte/unix-toolbox.js/modules/libgcrypt/src/../../libgpg-error/src/src/ conftest.c >&5
configure:13545: $? = 0
configure:13552: result: yes
configure:13560: checking for inline
configure:13576: /home/manuel/lib/emscripten/emcc -c  -D__QNX__ -I/home/manuel/Projekte/unix-toolbox.js/modules/libgcrypt/src/../../libgpg-error/src/src/ conftest.c >&5
configure:13576: $? = 0
configure:13584: result: inline
configure:13602: checking for size_t
configure:13602: /home/manuel/lib/emscripten/emcc -c  -D__QNX__ -I/home/manuel/Projekte/unix-toolbox.js/modules/libgcrypt/src/../../libgpg-error/src/src/ conftest.c >&5
configure:13602: $? = 0
configure:13602: /home/manuel/lib/emscripten/emcc -c  -D__QNX__ -I/home/manuel/Projekte/unix-toolbox.js/modules/libgcrypt/src/../../libgpg-error/src/src/ conftest.c >&5
conftest.c:81:21: error: expected expression
if (sizeof ((size_t)))
                    ^
1 error generated.
configure:13602: $? = 1
configure: failed program was:
| /* confdefs.h */
| #define PACKAGE_NAME "libgcrypt"
| #define PACKAGE_TARNAME "libgcrypt"
| #define PACKAGE_VERSION "1.5.0"
| #define PACKAGE_STRING "libgcrypt 1.5.0"
| #define PACKAGE_BUGREPORT "bug-libgcrypt@gnupg.org"
| #define PACKAGE_URL ""
| #define PACKAGE "libgcrypt"
| #define VERSION "1.5.0"
| #define PACKAGE "libgcrypt"
| #define VERSION "1.5.0"
| #define STDC_HEADERS 1
| #define HAVE_SYS_TYPES_H 1
| #define HAVE_SYS_STAT_H 1
| #define HAVE_STDLIB_H 1
| #define HAVE_STRING_H 1
| #define HAVE_MEMORY_H 1
| #define HAVE_STRINGS_H 1
| #define HAVE_INTTYPES_H 1
| #define HAVE_STDINT_H 1
| #define HAVE_UNISTD_H 1
| #define __EXTENSIONS__ 1
| #define _ALL_SOURCE 1
| #define _GNU_SOURCE 1
| #define _POSIX_PTHREAD_SEMANTICS 1
| #define _TANDEM_SOURCE 1
| #define HAVE_DLFCN_H 1
| #define LT_OBJDIR ".libs/"
| #define SIZEOF_UNSIGNED_SHORT 2
| #define SIZEOF_UNSIGNED_INT 4
| #define SIZEOF_UNSIGNED_LONG 4
| #define SIZEOF_UNSIGNED_LONG_LONG 8
| #define HAVE_UINTPTR_T 1
| #define EGD_SOCKET_NAME ""
| #define ENABLE_PADLOCK_SUPPORT 1
| #define ENABLE_AESNI_SUPPORT 1
| #define PRINTABLE_OS_NAME "GNU/Linux"
| #define NAME_OF_DEV_RANDOM "/dev/random"
| #define NAME_OF_DEV_URANDOM "/dev/urandom"
| #define GPG_ERR_SOURCE_DEFAULT GPG_ERR_SOURCE_GCRYPT
| #define STDC_HEADERS 1
| #define HAVE_UNISTD_H 1
| #define HAVE_SYS_SELECT_H 1
| /* end confdefs.h.  */
| #include <stdio.h>
| #ifdef HAVE_SYS_TYPES_H
| # include <sys/types.h>
| #endif
| #ifdef HAVE_SYS_STAT_H
| # include <sys/stat.h>
| #endif
| #ifdef STDC_HEADERS
| # include <stdlib.h>
| # include <stddef.h>
| #else
| # ifdef HAVE_STDLIB_H
| #  include <stdlib.h>
| # endif
| #endif
| #ifdef HAVE_STRING_H
| # if !defined STDC_HEADERS && defined HAVE_MEMORY_H
| #  include <memory.h>
| # endif
| # include <string.h>
| #endif
| #ifdef HAVE_STRINGS_H
| # include <strings.h>
| #endif
| #ifdef HAVE_INTTYPES_H
| # include <inttypes.h>
| #endif
| #ifdef HAVE_STDINT_H
| # include <stdint.h>
| #endif
| #ifdef HAVE_UNISTD_H
| # include <unistd.h>
| #endif
| int
| main ()
| {
| if (sizeof ((size_t)))
| 	    return 0;
|   ;
|   return 0;
| }
configure:13602: result: yes
configure:13613: checking return type of signal handlers
configure:13631: /home/manuel/lib/emscripten/emcc -c  -D__QNX__ -I/home/manuel/Projekte/unix-toolbox.js/modules/libgcrypt/src/../../libgpg-error/src/src/ conftest.c >&5
conftest.c:51:8: error: indirection requires pointer operand ('void' invalid)
return *(signal (0, 0)) (0) == 1;
       ^~~~~~~~~~~~~~~~~~~~
1 error generated.
configure:13631: $? = 1
configure: failed program was:
| /* confdefs.h */
| #define PACKAGE_NAME "libgcrypt"
| #define PACKAGE_TARNAME "libgcrypt"
| #define PACKAGE_VERSION "1.5.0"
| #define PACKAGE_STRING "libgcrypt 1.5.0"
| #define PACKAGE_BUGREPORT "bug-libgcrypt@gnupg.org"
| #define PACKAGE_URL ""
| #define PACKAGE "libgcrypt"
| #define VERSION "1.5.0"
| #define PACKAGE "libgcrypt"
| #define VERSION "1.5.0"
| #define STDC_HEADERS 1
| #define HAVE_SYS_TYPES_H 1
| #define HAVE_SYS_STAT_H 1
| #define HAVE_STDLIB_H 1
| #define HAVE_STRING_H 1
| #define HAVE_MEMORY_H 1
| #define HAVE_STRINGS_H 1
| #define HAVE_INTTYPES_H 1
| #define HAVE_STDINT_H 1
| #define HAVE_UNISTD_H 1
| #define __EXTENSIONS__ 1
| #define _ALL_SOURCE 1
| #define _GNU_SOURCE 1
| #define _POSIX_PTHREAD_SEMANTICS 1
| #define _TANDEM_SOURCE 1
| #define HAVE_DLFCN_H 1
| #define LT_OBJDIR ".libs/"
| #define SIZEOF_UNSIGNED_SHORT 2
| #define SIZEOF_UNSIGNED_INT 4
| #define SIZEOF_UNSIGNED_LONG 4
| #define SIZEOF_UNSIGNED_LONG_LONG 8
| #define HAVE_UINTPTR_T 1
| #define EGD_SOCKET_NAME ""
| #define ENABLE_PADLOCK_SUPPORT 1
| #define ENABLE_AESNI_SUPPORT 1
| #define PRINTABLE_OS_NAME "GNU/Linux"
| #define NAME_OF_DEV_RANDOM "/dev/random"
| #define NAME_OF_DEV_URANDOM "/dev/urandom"
| #define GPG_ERR_SOURCE_DEFAULT GPG_ERR_SOURCE_GCRYPT
| #define STDC_HEADERS 1
| #define HAVE_UNISTD_H 1
| #define HAVE_SYS_SELECT_H 1
| /* end confdefs.h.  */
| #include <sys/types.h>
| #include <signal.h>
| 
| int
| main ()
| {
| return *(signal (0, 0)) (0) == 1;
|   ;
|   return 0;
| }
configure:13638: result: void
configure:13646: checking whether sys_siglist is declared
configure:13646: /home/manuel/lib/emscripten/emcc -c  -D__QNX__ -I/home/manuel/Projekte/unix-toolbox.js/modules/libgcrypt/src/../../libgpg-error/src/src/ conftest.c >&5
conftest.c:57:10: error: use of undeclared identifier 'sys_siglist'
  (void) sys_siglist;
         ^
1 error generated.
configure:13646: $? = 1
configure: failed program was:
| /* confdefs.h */
| #define PACKAGE_NAME "libgcrypt"
| #define PACKAGE_TARNAME "libgcrypt"
| #define PACKAGE_VERSION "1.5.0"
| #define PACKAGE_STRING "libgcrypt 1.5.0"
| #define PACKAGE_BUGREPORT "bug-libgcrypt@gnupg.org"
| #define PACKAGE_URL ""
| #define PACKAGE "libgcrypt"
| #define VERSION "1.5.0"
| #define PACKAGE "libgcrypt"
| #define VERSION "1.5.0"
| #define STDC_HEADERS 1
| #define HAVE_SYS_TYPES_H 1
| #define HAVE_SYS_STAT_H 1
| #define HAVE_STDLIB_H 1
| #define HAVE_STRING_H 1
| #define HAVE_MEMORY_H 1
| #define HAVE_STRINGS_H 1
| #define HAVE_INTTYPES_H 1
| #define HAVE_STDINT_H 1
| #define HAVE_UNISTD_H 1
| #define __EXTENSIONS__ 1
| #define _ALL_SOURCE 1
| #define _GNU_SOURCE 1
| #define _POSIX_PTHREAD_SEMANTICS 1
| #define _TANDEM_SOURCE 1
| #define HAVE_DLFCN_H 1
| #define LT_OBJDIR ".libs/"
| #define SIZEOF_UNSIGNED_SHORT 2
| #define SIZEOF_UNSIGNED_INT 4
| #define SIZEOF_UNSIGNED_LONG 4
| #define SIZEOF_UNSIGNED_LONG_LONG 8
| #define HAVE_UINTPTR_T 1
| #define EGD_SOCKET_NAME ""
| #define ENABLE_PADLOCK_SUPPORT 1
| #define ENABLE_AESNI_SUPPORT 1
| #define PRINTABLE_OS_NAME "GNU/Linux"
| #define NAME_OF_DEV_RANDOM "/dev/random"
| #define NAME_OF_DEV_URANDOM "/dev/urandom"
| #define GPG_ERR_SOURCE_DEFAULT GPG_ERR_SOURCE_GCRYPT
| #define STDC_HEADERS 1
| #define HAVE_UNISTD_H 1
| #define HAVE_SYS_SELECT_H 1
| #define RETSIGTYPE void
| /* end confdefs.h.  */
| #include <signal.h>
| /* NetBSD declares sys_siglist in unistd.h.  */
| #ifdef HAVE_UNISTD_H
| # include <unistd.h>
| #endif
| 
| 
| int
| main ()
| {
| #ifndef sys_siglist
|   (void) sys_siglist;
| #endif
| 
|   ;
|   return 0;
| }
configure:13646: result: no
configure:13664: checking for pid_t
configure:13664: /home/manuel/lib/emscripten/emcc -c  -D__QNX__ -I/home/manuel/Projekte/unix-toolbox.js/modules/libgcrypt/src/../../libgpg-error/src/src/ conftest.c >&5
configure:13664: $? = 0
configure:13664: /home/manuel/lib/emscripten/emcc -c  -D__QNX__ -I/home/manuel/Projekte/unix-toolbox.js/modules/libgcrypt/src/../../libgpg-error/src/src/ conftest.c >&5
conftest.c:83:20: error: expected expression
if (sizeof ((pid_t)))
                   ^
1 error generated.
configure:13664: $? = 1
configure: failed program was:
| /* confdefs.h */
| #define PACKAGE_NAME "libgcrypt"
| #define PACKAGE_TARNAME "libgcrypt"
| #define PACKAGE_VERSION "1.5.0"
| #define PACKAGE_STRING "libgcrypt 1.5.0"
| #define PACKAGE_BUGREPORT "bug-libgcrypt@gnupg.org"
| #define PACKAGE_URL ""
| #define PACKAGE "libgcrypt"
| #define VERSION "1.5.0"
| #define PACKAGE "libgcrypt"
| #define VERSION "1.5.0"
| #define STDC_HEADERS 1
| #define HAVE_SYS_TYPES_H 1
| #define HAVE_SYS_STAT_H 1
| #define HAVE_STDLIB_H 1
| #define HAVE_STRING_H 1
| #define HAVE_MEMORY_H 1
| #define HAVE_STRINGS_H 1
| #define HAVE_INTTYPES_H 1
| #define HAVE_STDINT_H 1
| #define HAVE_UNISTD_H 1
| #define __EXTENSIONS__ 1
| #define _ALL_SOURCE 1
| #define _GNU_SOURCE 1
| #define _POSIX_PTHREAD_SEMANTICS 1
| #define _TANDEM_SOURCE 1
| #define HAVE_DLFCN_H 1
| #define LT_OBJDIR ".libs/"
| #define SIZEOF_UNSIGNED_SHORT 2
| #define SIZEOF_UNSIGNED_INT 4
| #define SIZEOF_UNSIGNED_LONG 4
| #define SIZEOF_UNSIGNED_LONG_LONG 8
| #define HAVE_UINTPTR_T 1
| #define EGD_SOCKET_NAME ""
| #define ENABLE_PADLOCK_SUPPORT 1
| #define ENABLE_AESNI_SUPPORT 1
| #define PRINTABLE_OS_NAME "GNU/Linux"
| #define NAME_OF_DEV_RANDOM "/dev/random"
| #define NAME_OF_DEV_URANDOM "/dev/urandom"
| #define GPG_ERR_SOURCE_DEFAULT GPG_ERR_SOURCE_GCRYPT
| #define STDC_HEADERS 1
| #define HAVE_UNISTD_H 1
| #define HAVE_SYS_SELECT_H 1
| #define RETSIGTYPE void
| #define HAVE_DECL_SYS_SIGLIST 0
| /* end confdefs.h.  */
| #include <stdio.h>
| #ifdef HAVE_SYS_TYPES_H
| # include <sys/types.h>
| #endif
| #ifdef HAVE_SYS_STAT_H
| # include <sys/stat.h>
| #endif
| #ifdef STDC_HEADERS
| # include <stdlib.h>
| # include <stddef.h>
| #else
| # ifdef HAVE_STDLIB_H
| #  include <stdlib.h>
| # endif
| #endif
| #ifdef HAVE_STRING_H
| # if !defined STDC_HEADERS && defined HAVE_MEMORY_H
| #  include <memory.h>
| # endif
| # include <string.h>
| #endif
| #ifdef HAVE_STRINGS_H
| # include <strings.h>
| #endif
| #ifdef HAVE_INTTYPES_H
| # include <inttypes.h>
| #endif
| #ifdef HAVE_STDINT_H
| # include <stdint.h>
| #endif
| #ifdef HAVE_UNISTD_H
| # include <unistd.h>
| #endif
| int
| main ()
| {
| if (sizeof ((pid_t)))
| 	    return 0;
|   ;
|   return 0;
| }
configure:13664: result: yes
configure:13676: checking for byte typedef
configure:13697: /home/manuel/lib/emscripten/emcc -c  -D__QNX__ -I/home/manuel/Projekte/unix-toolbox.js/modules/libgcrypt/src/../../libgpg-error/src/src/ conftest.c >&5
conftest.c:55:20: error: use of undeclared identifier 'byte'
    int a = sizeof(byte);
                   ^
1 error generated.
configure:13697: $? = 1
configure: failed program was:
| /* confdefs.h */
| #define PACKAGE_NAME "libgcrypt"
| #define PACKAGE_TARNAME "libgcrypt"
| #define PACKAGE_VERSION "1.5.0"
| #define PACKAGE_STRING "libgcrypt 1.5.0"
| #define PACKAGE_BUGREPORT "bug-libgcrypt@gnupg.org"
| #define PACKAGE_URL ""
| #define PACKAGE "libgcrypt"
| #define VERSION "1.5.0"
| #define PACKAGE "libgcrypt"
| #define VERSION "1.5.0"
| #define STDC_HEADERS 1
| #define HAVE_SYS_TYPES_H 1
| #define HAVE_SYS_STAT_H 1
| #define HAVE_STDLIB_H 1
| #define HAVE_STRING_H 1
| #define HAVE_MEMORY_H 1
| #define HAVE_STRINGS_H 1
| #define HAVE_INTTYPES_H 1
| #define HAVE_STDINT_H 1
| #define HAVE_UNISTD_H 1
| #define __EXTENSIONS__ 1
| #define _ALL_SOURCE 1
| #define _GNU_SOURCE 1
| #define _POSIX_PTHREAD_SEMANTICS 1
| #define _TANDEM_SOURCE 1
| #define HAVE_DLFCN_H 1
| #define LT_OBJDIR ".libs/"
| #define SIZEOF_UNSIGNED_SHORT 2
| #define SIZEOF_UNSIGNED_INT 4
| #define SIZEOF_UNSIGNED_LONG 4
| #define SIZEOF_UNSIGNED_LONG_LONG 8
| #define HAVE_UINTPTR_T 1
| #define EGD_SOCKET_NAME ""
| #define ENABLE_PADLOCK_SUPPORT 1
| #define ENABLE_AESNI_SUPPORT 1
| #define PRINTABLE_OS_NAME "GNU/Linux"
| #define NAME_OF_DEV_RANDOM "/dev/random"
| #define NAME_OF_DEV_URANDOM "/dev/urandom"
| #define GPG_ERR_SOURCE_DEFAULT GPG_ERR_SOURCE_GCRYPT
| #define STDC_HEADERS 1
| #define HAVE_UNISTD_H 1
| #define HAVE_SYS_SELECT_H 1
| #define RETSIGTYPE void
| #define HAVE_DECL_SYS_SIGLIST 0
| /* end confdefs.h.  */
| #define _GNU_SOURCE 1
|     #include <stdlib.h>
|     #include <sys/types.h>
| int
| main ()
| {
| 
|     #undef byte
|     int a = sizeof(byte);
| 
|   ;
|   return 0;
| }
configure:13705: result: no
configure:13713: checking for ushort typedef
configure:13734: /home/manuel/lib/emscripten/emcc -c  -D__QNX__ -I/home/manuel/Projekte/unix-toolbox.js/modules/libgcrypt/src/../../libgpg-error/src/src/ conftest.c >&5
configure:13734: $? = 0
configure:13742: result: yes
configure:13750: checking for ulong typedef
configure:13771: /home/manuel/lib/emscripten/emcc -c  -D__QNX__ -I/home/manuel/Projekte/unix-toolbox.js/modules/libgcrypt/src/../../libgpg-error/src/src/ conftest.c >&5
conftest.c:56:20: error: use of undeclared identifier 'ulong'
    int a = sizeof(ulong);
                   ^
1 error generated.
configure:13771: $? = 1
configure: failed program was:
| /* confdefs.h */
| #define PACKAGE_NAME "libgcrypt"
| #define PACKAGE_TARNAME "libgcrypt"
| #define PACKAGE_VERSION "1.5.0"
| #define PACKAGE_STRING "libgcrypt 1.5.0"
| #define PACKAGE_BUGREPORT "bug-libgcrypt@gnupg.org"
| #define PACKAGE_URL ""
| #define PACKAGE "libgcrypt"
| #define VERSION "1.5.0"
| #define PACKAGE "libgcrypt"
| #define VERSION "1.5.0"
| #define STDC_HEADERS 1
| #define HAVE_SYS_TYPES_H 1
| #define HAVE_SYS_STAT_H 1
| #define HAVE_STDLIB_H 1
| #define HAVE_STRING_H 1
| #define HAVE_MEMORY_H 1
| #define HAVE_STRINGS_H 1
| #define HAVE_INTTYPES_H 1
| #define HAVE_STDINT_H 1
| #define HAVE_UNISTD_H 1
| #define __EXTENSIONS__ 1
| #define _ALL_SOURCE 1
| #define _GNU_SOURCE 1
| #define _POSIX_PTHREAD_SEMANTICS 1
| #define _TANDEM_SOURCE 1
| #define HAVE_DLFCN_H 1
| #define LT_OBJDIR ".libs/"
| #define SIZEOF_UNSIGNED_SHORT 2
| #define SIZEOF_UNSIGNED_INT 4
| #define SIZEOF_UNSIGNED_LONG 4
| #define SIZEOF_UNSIGNED_LONG_LONG 8
| #define HAVE_UINTPTR_T 1
| #define EGD_SOCKET_NAME ""
| #define ENABLE_PADLOCK_SUPPORT 1
| #define ENABLE_AESNI_SUPPORT 1
| #define PRINTABLE_OS_NAME "GNU/Linux"
| #define NAME_OF_DEV_RANDOM "/dev/random"
| #define NAME_OF_DEV_URANDOM "/dev/urandom"
| #define GPG_ERR_SOURCE_DEFAULT GPG_ERR_SOURCE_GCRYPT
| #define STDC_HEADERS 1
| #define HAVE_UNISTD_H 1
| #define HAVE_SYS_SELECT_H 1
| #define RETSIGTYPE void
| #define HAVE_DECL_SYS_SIGLIST 0
| #define HAVE_USHORT_TYPEDEF 1
| /* end confdefs.h.  */
| #define _GNU_SOURCE 1
|     #include <stdlib.h>
|     #include <sys/types.h>
| int
| main ()
| {
| 
|     #undef ulong
|     int a = sizeof(ulong);
| 
|   ;
|   return 0;
| }
configure:13779: result: no
configure:13787: checking for u16 typedef
configure:13808: /home/manuel/lib/emscripten/emcc -c  -D__QNX__ -I/home/manuel/Projekte/unix-toolbox.js/modules/libgcrypt/src/../../libgpg-error/src/src/ conftest.c >&5
conftest.c:56:20: error: use of undeclared identifier 'u16'
    int a = sizeof(u16);
                   ^
1 error generated.
configure:13808: $? = 1
configure: failed program was:
| /* confdefs.h */
| #define PACKAGE_NAME "libgcrypt"
| #define PACKAGE_TARNAME "libgcrypt"
| #define PACKAGE_VERSION "1.5.0"
| #define PACKAGE_STRING "libgcrypt 1.5.0"
| #define PACKAGE_BUGREPORT "bug-libgcrypt@gnupg.org"
| #define PACKAGE_URL ""
| #define PACKAGE "libgcrypt"
| #define VERSION "1.5.0"
| #define PACKAGE "libgcrypt"
| #define VERSION "1.5.0"
| #define STDC_HEADERS 1
| #define HAVE_SYS_TYPES_H 1
| #define HAVE_SYS_STAT_H 1
| #define HAVE_STDLIB_H 1
| #define HAVE_STRING_H 1
| #define HAVE_MEMORY_H 1
| #define HAVE_STRINGS_H 1
| #define HAVE_INTTYPES_H 1
| #define HAVE_STDINT_H 1
| #define HAVE_UNISTD_H 1
| #define __EXTENSIONS__ 1
| #define _ALL_SOURCE 1
| #define _GNU_SOURCE 1
| #define _POSIX_PTHREAD_SEMANTICS 1
| #define _TANDEM_SOURCE 1
| #define HAVE_DLFCN_H 1
| #define LT_OBJDIR ".libs/"
| #define SIZEOF_UNSIGNED_SHORT 2
| #define SIZEOF_UNSIGNED_INT 4
| #define SIZEOF_UNSIGNED_LONG 4
| #define SIZEOF_UNSIGNED_LONG_LONG 8
| #define HAVE_UINTPTR_T 1
| #define EGD_SOCKET_NAME ""
| #define ENABLE_PADLOCK_SUPPORT 1
| #define ENABLE_AESNI_SUPPORT 1
| #define PRINTABLE_OS_NAME "GNU/Linux"
| #define NAME_OF_DEV_RANDOM "/dev/random"
| #define NAME_OF_DEV_URANDOM "/dev/urandom"
| #define GPG_ERR_SOURCE_DEFAULT GPG_ERR_SOURCE_GCRYPT
| #define STDC_HEADERS 1
| #define HAVE_UNISTD_H 1
| #define HAVE_SYS_SELECT_H 1
| #define RETSIGTYPE void
| #define HAVE_DECL_SYS_SIGLIST 0
| #define HAVE_USHORT_TYPEDEF 1
| /* end confdefs.h.  */
| #define _GNU_SOURCE 1
|     #include <stdlib.h>
|     #include <sys/types.h>
| int
| main ()
| {
| 
|     #undef u16
|     int a = sizeof(u16);
| 
|   ;
|   return 0;
| }
configure:13816: result: no
configure:13824: checking for u32 typedef
configure:13845: /home/manuel/lib/emscripten/emcc -c  -D__QNX__ -I/home/manuel/Projekte/unix-toolbox.js/modules/libgcrypt/src/../../libgpg-error/src/src/ conftest.c >&5
conftest.c:56:20: error: use of undeclared identifier 'u32'
    int a = sizeof(u32);
                   ^
1 error generated.
configure:13845: $? = 1
configure: failed program was:
| /* confdefs.h */
| #define PACKAGE_NAME "libgcrypt"
| #define PACKAGE_TARNAME "libgcrypt"
| #define PACKAGE_VERSION "1.5.0"
| #define PACKAGE_STRING "libgcrypt 1.5.0"
| #define PACKAGE_BUGREPORT "bug-libgcrypt@gnupg.org"
| #define PACKAGE_URL ""
| #define PACKAGE "libgcrypt"
| #define VERSION "1.5.0"
| #define PACKAGE "libgcrypt"
| #define VERSION "1.5.0"
| #define STDC_HEADERS 1
| #define HAVE_SYS_TYPES_H 1
| #define HAVE_SYS_STAT_H 1
| #define HAVE_STDLIB_H 1
| #define HAVE_STRING_H 1
| #define HAVE_MEMORY_H 1
| #define HAVE_STRINGS_H 1
| #define HAVE_INTTYPES_H 1
| #define HAVE_STDINT_H 1
| #define HAVE_UNISTD_H 1
| #define __EXTENSIONS__ 1
| #define _ALL_SOURCE 1
| #define _GNU_SOURCE 1
| #define _POSIX_PTHREAD_SEMANTICS 1
| #define _TANDEM_SOURCE 1
| #define HAVE_DLFCN_H 1
| #define LT_OBJDIR ".libs/"
| #define SIZEOF_UNSIGNED_SHORT 2
| #define SIZEOF_UNSIGNED_INT 4
| #define SIZEOF_UNSIGNED_LONG 4
| #define SIZEOF_UNSIGNED_LONG_LONG 8
| #define HAVE_UINTPTR_T 1
| #define EGD_SOCKET_NAME ""
| #define ENABLE_PADLOCK_SUPPORT 1
| #define ENABLE_AESNI_SUPPORT 1
| #define PRINTABLE_OS_NAME "GNU/Linux"
| #define NAME_OF_DEV_RANDOM "/dev/random"
| #define NAME_OF_DEV_URANDOM "/dev/urandom"
| #define GPG_ERR_SOURCE_DEFAULT GPG_ERR_SOURCE_GCRYPT
| #define STDC_HEADERS 1
| #define HAVE_UNISTD_H 1
| #define HAVE_SYS_SELECT_H 1
| #define RETSIGTYPE void
| #define HAVE_DECL_SYS_SIGLIST 0
| #define HAVE_USHORT_TYPEDEF 1
| /* end confdefs.h.  */
| #define _GNU_SOURCE 1
|     #include <stdlib.h>
|     #include <sys/types.h>
| int
| main ()
| {
| 
|     #undef u32
|     int a = sizeof(u32);
| 
|   ;
|   return 0;
| }
configure:13853: result: no
configure:13865: checking sys/socket.h usability
configure:13865: /home/manuel/lib/emscripten/emcc -c  -D__QNX__ -I/home/manuel/Projekte/unix-toolbox.js/modules/libgcrypt/src/../../libgpg-error/src/src/ conftest.c >&5
configure:13865: $? = 0
configure:13865: result: yes
configure:13865: checking sys/socket.h presence
configure:13865: /home/manuel/lib/emscripten/emcc -E -D__QNX__ -I/home/manuel/Projekte/unix-toolbox.js/modules/libgcrypt/src/../../libgpg-error/src/src/ conftest.c
configure:13865: $? = 0
configure:13865: result: yes
configure:13865: checking for sys/socket.h
configure:13865: result: yes
configure:13905: checking for socklen_t
configure:13905: /home/manuel/lib/emscripten/emcc -c  -D__QNX__ -I/home/manuel/Projekte/unix-toolbox.js/modules/libgcrypt/src/../../libgpg-error/src/src/ conftest.c >&5
configure:13905: $? = 0
configure:13905: /home/manuel/lib/emscripten/emcc -c  -D__QNX__ -I/home/manuel/Projekte/unix-toolbox.js/modules/libgcrypt/src/../../libgpg-error/src/src/ conftest.c >&5
conftest.c:59:24: error: expected expression
if (sizeof ((socklen_t)))
                       ^
1 error generated.
configure:13905: $? = 1
configure: failed program was:
| /* confdefs.h */
| #define PACKAGE_NAME "libgcrypt"
| #define PACKAGE_TARNAME "libgcrypt"
| #define PACKAGE_VERSION "1.5.0"
| #define PACKAGE_STRING "libgcrypt 1.5.0"
| #define PACKAGE_BUGREPORT "bug-libgcrypt@gnupg.org"
| #define PACKAGE_URL ""
| #define PACKAGE "libgcrypt"
| #define VERSION "1.5.0"
| #define PACKAGE "libgcrypt"
| #define VERSION "1.5.0"
| #define STDC_HEADERS 1
| #define HAVE_SYS_TYPES_H 1
| #define HAVE_SYS_STAT_H 1
| #define HAVE_STDLIB_H 1
| #define HAVE_STRING_H 1
| #define HAVE_MEMORY_H 1
| #define HAVE_STRINGS_H 1
| #define HAVE_INTTYPES_H 1
| #define HAVE_STDINT_H 1
| #define HAVE_UNISTD_H 1
| #define __EXTENSIONS__ 1
| #define _ALL_SOURCE 1
| #define _GNU_SOURCE 1
| #define _POSIX_PTHREAD_SEMANTICS 1
| #define _TANDEM_SOURCE 1
| #define HAVE_DLFCN_H 1
| #define LT_OBJDIR ".libs/"
| #define SIZEOF_UNSIGNED_SHORT 2
| #define SIZEOF_UNSIGNED_INT 4
| #define SIZEOF_UNSIGNED_LONG 4
| #define SIZEOF_UNSIGNED_LONG_LONG 8
| #define HAVE_UINTPTR_T 1
| #define EGD_SOCKET_NAME ""
| #define ENABLE_PADLOCK_SUPPORT 1
| #define ENABLE_AESNI_SUPPORT 1
| #define PRINTABLE_OS_NAME "GNU/Linux"
| #define NAME_OF_DEV_RANDOM "/dev/random"
| #define NAME_OF_DEV_URANDOM "/dev/urandom"
| #define GPG_ERR_SOURCE_DEFAULT GPG_ERR_SOURCE_GCRYPT
| #define STDC_HEADERS 1
| #define HAVE_UNISTD_H 1
| #define HAVE_SYS_SELECT_H 1
| #define RETSIGTYPE void
| #define HAVE_DECL_SYS_SIGLIST 0
| #define HAVE_USHORT_TYPEDEF 1
| #define HAVE_SYS_SOCKET_H 1
| /* end confdefs.h.  */
| #include <sys/types.h>
|       #if HAVE_SYS_SOCKET_H
|       # include <sys/socket.h>
|       #elif HAVE_WS2TCPIP_H
|       # include <ws2tcpip.h>
|       #endif
| 
| int
| main ()
| {
| if (sizeof ((socklen_t)))
| 	    return 0;
|   ;
|   return 0;
| }
configure:13905: result: yes
configure:13981: checking whether the visibility attribute is supported
configure:14004: result: yes
configure:14007: checking for broken visibility attribute
configure:14031: result: no
configure:14035: checking for broken alias attribute
configure:14061: result: no
configure:14065: checking if gcc supports -fvisibility=hidden
configure:14084: /home/manuel/lib/emscripten/emcc -c -fvisibility=hidden -D__QNX__ -I/home/manuel/Projekte/unix-toolbox.js/modules/libgcrypt/src/../../libgpg-error/src/src/ conftest.c >&5
configure:14084: $? = 0
configure:14091: result: yes
configure:14112: checking for vprintf
configure:14112: /home/manuel/lib/emscripten/emcc -o conftest  -fvisibility=hidden -D__QNX__ -I/home/manuel/Projekte/unix-toolbox.js/modules/libgcrypt/src/../../libgpg-error/src/src/  conftest.c  >&5
conftest.c:73:6: warning: incompatible redeclaration of library function 'vprintf'
char vprintf ();
     ^
conftest.c:73:6: note: 'vprintf' is a builtin with type 'int (const char *, __builtin_va_list)'
1 warning generated.
configure:14112: $? = 0
configure:14112: result: yes
configure:14118: checking for _doprnt
configure:14118: /home/manuel/lib/emscripten/emcc -o conftest  -fvisibility=hidden -D__QNX__ -I/home/manuel/Projekte/unix-toolbox.js/modules/libgcrypt/src/../../libgpg-error/src/src/  conftest.c  >&5
/tmp/conftest-dDHcwy.o: In function `main':
conftest.c:(.text+0xe): undefined reference to `_doprnt'
clang: error: linker command failed with exit code 1 (use -v to see invocation)
configure:14118: $? = 1
configure: failed program was:
| /* confdefs.h */
| #define PACKAGE_NAME "libgcrypt"
| #define PACKAGE_TARNAME "libgcrypt"
| #define PACKAGE_VERSION "1.5.0"
| #define PACKAGE_STRING "libgcrypt 1.5.0"
| #define PACKAGE_BUGREPORT "bug-libgcrypt@gnupg.org"
| #define PACKAGE_URL ""
| #define PACKAGE "libgcrypt"
| #define VERSION "1.5.0"
| #define PACKAGE "libgcrypt"
| #define VERSION "1.5.0"
| #define STDC_HEADERS 1
| #define HAVE_SYS_TYPES_H 1
| #define HAVE_SYS_STAT_H 1
| #define HAVE_STDLIB_H 1
| #define HAVE_STRING_H 1
| #define HAVE_MEMORY_H 1
| #define HAVE_STRINGS_H 1
| #define HAVE_INTTYPES_H 1
| #define HAVE_STDINT_H 1
| #define HAVE_UNISTD_H 1
| #define __EXTENSIONS__ 1
| #define _ALL_SOURCE 1
| #define _GNU_SOURCE 1
| #define _POSIX_PTHREAD_SEMANTICS 1
| #define _TANDEM_SOURCE 1
| #define HAVE_DLFCN_H 1
| #define LT_OBJDIR ".libs/"
| #define SIZEOF_UNSIGNED_SHORT 2
| #define SIZEOF_UNSIGNED_INT 4
| #define SIZEOF_UNSIGNED_LONG 4
| #define SIZEOF_UNSIGNED_LONG_LONG 8
| #define HAVE_UINTPTR_T 1
| #define EGD_SOCKET_NAME ""
| #define ENABLE_PADLOCK_SUPPORT 1
| #define ENABLE_AESNI_SUPPORT 1
| #define PRINTABLE_OS_NAME "GNU/Linux"
| #define NAME_OF_DEV_RANDOM "/dev/random"
| #define NAME_OF_DEV_URANDOM "/dev/urandom"
| #define GPG_ERR_SOURCE_DEFAULT GPG_ERR_SOURCE_GCRYPT
| #define STDC_HEADERS 1
| #define HAVE_UNISTD_H 1
| #define HAVE_SYS_SELECT_H 1
| #define RETSIGTYPE void
| #define HAVE_DECL_SYS_SIGLIST 0
| #define HAVE_USHORT_TYPEDEF 1
| #define HAVE_SYS_SOCKET_H 1
| #define GCRY_USE_VISIBILITY 1
| #define HAVE_VPRINTF 1
| /* end confdefs.h.  */
| /* Define _doprnt to an innocuous variant, in case <limits.h> declares _doprnt.
|    For example, HP-UX 11i <limits.h> declares gettimeofday.  */
| #define _doprnt innocuous__doprnt
| 
| /* System header to define __stub macros and hopefully few prototypes,
|     which can conflict with char _doprnt (); below.
|     Prefer <limits.h> to <assert.h> if __STDC__ is defined, since
|     <limits.h> exists even on freestanding compilers.  */
| 
| #ifdef __STDC__
| # include <limits.h>
| #else
| # include <assert.h>
| #endif
| 
| #undef _doprnt
| 
| /* Override any GCC internal prototype to avoid an error.
|    Use char because int might match the return type of a GCC
|    builtin and then its argument prototype would still apply.  */
| #ifdef __cplusplus
| extern "C"
| #endif
| char _doprnt ();
| /* The GNU C library defines this for functions which it implements
|     to always fail with ENOSYS.  Some functions are actually named
|     something starting with __ and the normal name is an alias.  */
| #if defined __stub__doprnt || defined __stub____doprnt
| choke me
| #endif
| 
| int
| main ()
| {
| return _doprnt ();
|   ;
|   return 0;
| }
configure:14118: result: no
configure:14133: checking for stpcpy
configure:14133: /home/manuel/lib/emscripten/emcc -o conftest  -fvisibility=hidden -D__QNX__ -I/home/manuel/Projekte/unix-toolbox.js/modules/libgcrypt/src/../../libgpg-error/src/src/  conftest.c  >&5
conftest.c:74:6: warning: incompatible redeclaration of library function 'stpcpy'
char stpcpy ();
     ^
conftest.c:74:6: note: 'stpcpy' is a builtin with type 'char *(char *, const char *)'
1 warning generated.
configure:14133: $? = 0
configure:14133: result: yes
configure:14133: checking for strcasecmp
configure:14133: /home/manuel/lib/emscripten/emcc -o conftest  -fvisibility=hidden -D__QNX__ -I/home/manuel/Projekte/unix-toolbox.js/modules/libgcrypt/src/../../libgpg-error/src/src/  conftest.c  >&5
conftest.c:75:6: warning: incompatible redeclaration of library function 'strcasecmp'
char strcasecmp ();
     ^
conftest.c:75:6: note: 'strcasecmp' is a builtin with type 'int (const char *, const char *)'
1 warning generated.
configure:14133: $? = 0
configure:14133: result: yes
configure:14147: checking for strtoul
configure:14147: /home/manuel/lib/emscripten/emcc -o conftest  -fvisibility=hidden -D__QNX__ -I/home/manuel/Projekte/unix-toolbox.js/modules/libgcrypt/src/../../libgpg-error/src/src/  conftest.c  >&5
configure:14147: $? = 0
configure:14147: result: yes
configure:14147: checking for memmove
configure:14147: /home/manuel/lib/emscripten/emcc -o conftest  -fvisibility=hidden -D__QNX__ -I/home/manuel/Projekte/unix-toolbox.js/modules/libgcrypt/src/../../libgpg-error/src/src/  conftest.c  >&5
conftest.c:77:6: warning: incompatible redeclaration of library function 'memmove'
char memmove ();
     ^
conftest.c:77:6: note: 'memmove' is a builtin with type 'void *(void *, const void *, unsigned int)'
1 warning generated.
configure:14147: $? = 0
configure:14147: result: yes
configure:14147: checking for stricmp
configure:14147: /home/manuel/lib/emscripten/emcc -o conftest  -fvisibility=hidden -D__QNX__ -I/home/manuel/Projekte/unix-toolbox.js/modules/libgcrypt/src/../../libgpg-error/src/src/  conftest.c  >&5
/tmp/conftest-hKGF9T.o: In function `main':
conftest.c:(.text+0xe): undefined reference to `stricmp'
clang: error: linker command failed with exit code 1 (use -v to see invocation)
configure:14147: $? = 1
configure: failed program was:
| /* confdefs.h */
| #define PACKAGE_NAME "libgcrypt"
| #define PACKAGE_TARNAME "libgcrypt"
| #define PACKAGE_VERSION "1.5.0"
| #define PACKAGE_STRING "libgcrypt 1.5.0"
| #define PACKAGE_BUGREPORT "bug-libgcrypt@gnupg.org"
| #define PACKAGE_URL ""
| #define PACKAGE "libgcrypt"
| #define VERSION "1.5.0"
| #define PACKAGE "libgcrypt"
| #define VERSION "1.5.0"
| #define STDC_HEADERS 1
| #define HAVE_SYS_TYPES_H 1
| #define HAVE_SYS_STAT_H 1
| #define HAVE_STDLIB_H 1
| #define HAVE_STRING_H 1
| #define HAVE_MEMORY_H 1
| #define HAVE_STRINGS_H 1
| #define HAVE_INTTYPES_H 1
| #define HAVE_STDINT_H 1
| #define HAVE_UNISTD_H 1
| #define __EXTENSIONS__ 1
| #define _ALL_SOURCE 1
| #define _GNU_SOURCE 1
| #define _POSIX_PTHREAD_SEMANTICS 1
| #define _TANDEM_SOURCE 1
| #define HAVE_DLFCN_H 1
| #define LT_OBJDIR ".libs/"
| #define SIZEOF_UNSIGNED_SHORT 2
| #define SIZEOF_UNSIGNED_INT 4
| #define SIZEOF_UNSIGNED_LONG 4
| #define SIZEOF_UNSIGNED_LONG_LONG 8
| #define HAVE_UINTPTR_T 1
| #define EGD_SOCKET_NAME ""
| #define ENABLE_PADLOCK_SUPPORT 1
| #define ENABLE_AESNI_SUPPORT 1
| #define PRINTABLE_OS_NAME "GNU/Linux"
| #define NAME_OF_DEV_RANDOM "/dev/random"
| #define NAME_OF_DEV_URANDOM "/dev/urandom"
| #define GPG_ERR_SOURCE_DEFAULT GPG_ERR_SOURCE_GCRYPT
| #define STDC_HEADERS 1
| #define HAVE_UNISTD_H 1
| #define HAVE_SYS_SELECT_H 1
| #define RETSIGTYPE void
| #define HAVE_DECL_SYS_SIGLIST 0
| #define HAVE_USHORT_TYPEDEF 1
| #define HAVE_SYS_SOCKET_H 1
| #define GCRY_USE_VISIBILITY 1
| #define HAVE_VPRINTF 1
| #define HAVE_STPCPY 1
| #define HAVE_STRCASECMP 1
| #define HAVE_STRTOUL 1
| #define HAVE_MEMMOVE 1
| /* end confdefs.h.  */
| /* Define stricmp to an innocuous variant, in case <limits.h> declares stricmp.
|    For example, HP-UX 11i <limits.h> declares gettimeofday.  */
| #define stricmp innocuous_stricmp
| 
| /* System header to define __stub macros and hopefully few prototypes,
|     which can conflict with char stricmp (); below.
|     Prefer <limits.h> to <assert.h> if __STDC__ is defined, since
|     <limits.h> exists even on freestanding compilers.  */
| 
| #ifdef __STDC__
| # include <limits.h>
| #else
| # include <assert.h>
| #endif
| 
| #undef stricmp
| 
| /* Override any GCC internal prototype to avoid an error.
|    Use char because int might match the return type of a GCC
|    builtin and then its argument prototype would still apply.  */
| #ifdef __cplusplus
| extern "C"
| #endif
| char stricmp ();
| /* The GNU C library defines this for functions which it implements
|     to always fail with ENOSYS.  Some functions are actually named
|     something starting with __ and the normal name is an alias.  */
| #if defined __stub_stricmp || defined __stub___stricmp
| choke me
| #endif
| 
| int
| main ()
| {
| return stricmp ();
|   ;
|   return 0;
| }
configure:14147: result: no
configure:14147: checking for atexit
configure:14147: /home/manuel/lib/emscripten/emcc -o conftest  -fvisibility=hidden -D__QNX__ -I/home/manuel/Projekte/unix-toolbox.js/modules/libgcrypt/src/../../libgpg-error/src/src/  conftest.c  >&5
configure:14147: $? = 0
configure:14147: result: yes
configure:14147: checking for raise
configure:14147: /home/manuel/lib/emscripten/emcc -o conftest  -fvisibility=hidden -D__QNX__ -I/home/manuel/Projekte/unix-toolbox.js/modules/libgcrypt/src/../../libgpg-error/src/src/  conftest.c  >&5
configure:14147: $? = 0
configure:14147: result: yes
configure:14161: checking for strerror
configure:14161: /home/manuel/lib/emscripten/emcc -o conftest  -fvisibility=hidden -D__QNX__ -I/home/manuel/Projekte/unix-toolbox.js/modules/libgcrypt/src/../../libgpg-error/src/src/  conftest.c  >&5
conftest.c:80:6: warning: incompatible redeclaration of library function 'strerror'
char strerror ();
     ^
conftest.c:80:6: note: 'strerror' is a builtin with type 'char *(int)'
1 warning generated.
configure:14161: $? = 0
configure:14161: result: yes
configure:14161: checking for rand
configure:14161: /home/manuel/lib/emscripten/emcc -o conftest  -fvisibility=hidden -D__QNX__ -I/home/manuel/Projekte/unix-toolbox.js/modules/libgcrypt/src/../../libgpg-error/src/src/  conftest.c  >&5
configure:14161: $? = 0
configure:14161: result: yes
configure:14161: checking for mmap
configure:14161: /home/manuel/lib/emscripten/emcc -o conftest  -fvisibility=hidden -D__QNX__ -I/home/manuel/Projekte/unix-toolbox.js/modules/libgcrypt/src/../../libgpg-error/src/src/  conftest.c  >&5
configure:14161: $? = 0
configure:14161: result: yes
configure:14161: checking for getpagesize
configure:14161: /home/manuel/lib/emscripten/emcc -o conftest  -fvisibility=hidden -D__QNX__ -I/home/manuel/Projekte/unix-toolbox.js/modules/libgcrypt/src/../../libgpg-error/src/src/  conftest.c  >&5
configure:14161: $? = 0
configure:14161: result: yes
configure:14161: checking for sysconf
configure:14161: /home/manuel/lib/emscripten/emcc -o conftest  -fvisibility=hidden -D__QNX__ -I/home/manuel/Projekte/unix-toolbox.js/modules/libgcrypt/src/../../libgpg-error/src/src/  conftest.c  >&5
configure:14161: $? = 0
configure:14161: result: yes
configure:14161: checking for waitpid
configure:14161: /home/manuel/lib/emscripten/emcc -o conftest  -fvisibility=hidden -D__QNX__ -I/home/manuel/Projekte/unix-toolbox.js/modules/libgcrypt/src/../../libgpg-error/src/src/  conftest.c  >&5
configure:14161: $? = 0
configure:14161: result: yes
configure:14161: checking for wait4
configure:14161: /home/manuel/lib/emscripten/emcc -o conftest  -fvisibility=hidden -D__QNX__ -I/home/manuel/Projekte/unix-toolbox.js/modules/libgcrypt/src/../../libgpg-error/src/src/  conftest.c  >&5
configure:14161: $? = 0
configure:14161: result: yes
configure:14175: checking for gettimeofday
configure:14175: /home/manuel/lib/emscripten/emcc -o conftest  -fvisibility=hidden -D__QNX__ -I/home/manuel/Projekte/unix-toolbox.js/modules/libgcrypt/src/../../libgpg-error/src/src/  conftest.c  >&5
configure:14175: $? = 0
configure:14175: result: yes
configure:14175: checking for getrusage
configure:14175: /home/manuel/lib/emscripten/emcc -o conftest  -fvisibility=hidden -D__QNX__ -I/home/manuel/Projekte/unix-toolbox.js/modules/libgcrypt/src/../../libgpg-error/src/src/  conftest.c  >&5
configure:14175: $? = 0
configure:14175: result: yes
configure:14175: checking for gethrtime
configure:14175: /home/manuel/lib/emscripten/emcc -o conftest  -fvisibility=hidden -D__QNX__ -I/home/manuel/Projekte/unix-toolbox.js/modules/libgcrypt/src/../../libgpg-error/src/src/  conftest.c  >&5
/tmp/conftest-RWAnbC.o: In function `main':
conftest.c:(.text+0xe): undefined reference to `gethrtime'
clang: error: linker command failed with exit code 1 (use -v to see invocation)
configure:14175: $? = 1
configure: failed program was:
| /* confdefs.h */
| #define PACKAGE_NAME "libgcrypt"
| #define PACKAGE_TARNAME "libgcrypt"
| #define PACKAGE_VERSION "1.5.0"
| #define PACKAGE_STRING "libgcrypt 1.5.0"
| #define PACKAGE_BUGREPORT "bug-libgcrypt@gnupg.org"
| #define PACKAGE_URL ""
| #define PACKAGE "libgcrypt"
| #define VERSION "1.5.0"
| #define PACKAGE "libgcrypt"
| #define VERSION "1.5.0"
| #define STDC_HEADERS 1
| #define HAVE_SYS_TYPES_H 1
| #define HAVE_SYS_STAT_H 1
| #define HAVE_STDLIB_H 1
| #define HAVE_STRING_H 1
| #define HAVE_MEMORY_H 1
| #define HAVE_STRINGS_H 1
| #define HAVE_INTTYPES_H 1
| #define HAVE_STDINT_H 1
| #define HAVE_UNISTD_H 1
| #define __EXTENSIONS__ 1
| #define _ALL_SOURCE 1
| #define _GNU_SOURCE 1
| #define _POSIX_PTHREAD_SEMANTICS 1
| #define _TANDEM_SOURCE 1
| #define HAVE_DLFCN_H 1
| #define LT_OBJDIR ".libs/"
| #define SIZEOF_UNSIGNED_SHORT 2
| #define SIZEOF_UNSIGNED_INT 4
| #define SIZEOF_UNSIGNED_LONG 4
| #define SIZEOF_UNSIGNED_LONG_LONG 8
| #define HAVE_UINTPTR_T 1
| #define EGD_SOCKET_NAME ""
| #define ENABLE_PADLOCK_SUPPORT 1
| #define ENABLE_AESNI_SUPPORT 1
| #define PRINTABLE_OS_NAME "GNU/Linux"
| #define NAME_OF_DEV_RANDOM "/dev/random"
| #define NAME_OF_DEV_URANDOM "/dev/urandom"
| #define GPG_ERR_SOURCE_DEFAULT GPG_ERR_SOURCE_GCRYPT
| #define STDC_HEADERS 1
| #define HAVE_UNISTD_H 1
| #define HAVE_SYS_SELECT_H 1
| #define RETSIGTYPE void
| #define HAVE_DECL_SYS_SIGLIST 0
| #define HAVE_USHORT_TYPEDEF 1
| #define HAVE_SYS_SOCKET_H 1
| #define GCRY_USE_VISIBILITY 1
| #define HAVE_VPRINTF 1
| #define HAVE_STPCPY 1
| #define HAVE_STRCASECMP 1
| #define HAVE_STRTOUL 1
| #define HAVE_MEMMOVE 1
| #define HAVE_ATEXIT 1
| #define HAVE_RAISE 1
| #define HAVE_STRERROR 1
| #define HAVE_RAND 1
| #define HAVE_MMAP 1
| #define HAVE_GETPAGESIZE 1
| #define HAVE_SYSCONF 1
| #define HAVE_WAITPID 1
| #define HAVE_WAIT4 1
| #define HAVE_GETTIMEOFDAY 1
| #define HAVE_GETRUSAGE 1
| /* end confdefs.h.  */
| /* Define gethrtime to an innocuous variant, in case <limits.h> declares gethrtime.
|    For example, HP-UX 11i <limits.h> declares gettimeofday.  */
| #define gethrtime innocuous_gethrtime
| 
| /* System header to define __stub macros and hopefully few prototypes,
|     which can conflict with char gethrtime (); below.
|     Prefer <limits.h> to <assert.h> if __STDC__ is defined, since
|     <limits.h> exists even on freestanding compilers.  */
| 
| #ifdef __STDC__
| # include <limits.h>
| #else
| # include <assert.h>
| #endif
| 
| #undef gethrtime
| 
| /* Override any GCC internal prototype to avoid an error.
|    Use char because int might match the return type of a GCC
|    builtin and then its argument prototype would still apply.  */
| #ifdef __cplusplus
| extern "C"
| #endif
| char gethrtime ();
| /* The GNU C library defines this for functions which it implements
|     to always fail with ENOSYS.  Some functions are actually named
|     something starting with __ and the normal name is an alias.  */
| #if defined __stub_gethrtime || defined __stub___gethrtime
| choke me
| #endif
| 
| int
| main ()
| {
| return gethrtime ();
|   ;
|   return 0;
| }
configure:14175: result: no
configure:14175: checking for clock_gettime
configure:14175: /home/manuel/lib/emscripten/emcc -o conftest  -fvisibility=hidden -D__QNX__ -I/home/manuel/Projekte/unix-toolbox.js/modules/libgcrypt/src/../../libgpg-error/src/src/  conftest.c  >&5
configure:14175: $? = 0
configure:14175: result: yes
configure:14188: checking for fcntl
configure:14188: /home/manuel/lib/emscripten/emcc -o conftest  -fvisibility=hidden -D__QNX__ -I/home/manuel/Projekte/unix-toolbox.js/modules/libgcrypt/src/../../libgpg-error/src/src/  conftest.c  >&5
configure:14188: $? = 0
configure:14188: result: yes
configure:14188: checking for ftruncate
configure:14188: /home/manuel/lib/emscripten/emcc -o conftest  -fvisibility=hidden -D__QNX__ -I/home/manuel/Projekte/unix-toolbox.js/modules/libgcrypt/src/../../libgpg-error/src/src/  conftest.c  >&5
configure:14188: $? = 0
configure:14188: result: yes
configure:14421: checking for getpid
configure:14421: /home/manuel/lib/emscripten/emcc -o conftest  -fvisibility=hidden -D__QNX__ -I/home/manuel/Projekte/unix-toolbox.js/modules/libgcrypt/src/../../libgpg-error/src/src/  conftest.c  >&5
configure:14421: $? = 0
configure:14421: result: yes
configure:14421: checking for clock
configure:14421: /home/manuel/lib/emscripten/emcc -o conftest  -fvisibility=hidden -D__QNX__ -I/home/manuel/Projekte/unix-toolbox.js/modules/libgcrypt/src/../../libgpg-error/src/src/  conftest.c  >&5
configure:14421: $? = 0
configure:14421: result: yes
configure:14619: checking for random device
configure:14622: result: has been disabled
configure:14683: checking for _ prefix in compiled symbols
configure:14693: /home/manuel/lib/emscripten/emcc -c  -fvisibility=hidden -D__QNX__ -I/home/manuel/Projekte/unix-toolbox.js/modules/libgcrypt/src/../../libgpg-error/src/src/ conftest.c >&5
conftest.c:2:18: warning: expression result unused [-Wunused-value]
      int main(){nm_test_func;return 0;}
                 ^~~~~~~~~~~~
1 warning generated.
configure:14696: $? = 0
configure:14700: /usr/bin/nm -B conftest.o \| sed -n -e 's/^.*[	 ]\([ABCDGIRSTW][ABCDGIRSTW]*\)[	 ][	 ]*\([_A-Za-z][_A-Za-z0-9]*\)$/\1 \2 \2/p' \| cut -d \' \' -f 2 \> conftest.nm
configure:14703: $? = 0
configure: cannot find nm_test_func in conftest.nm
configure:14730: result: no
configure:14745: checking for mpi assembler functions
configure:14752: result: done
configure:15012: checking whether non excutable stack support is requested
configure:15021: result: yes
configure:15024: checking whether assembler supports --noexecstack option
configure:15034: /home/manuel/lib/emscripten/emcc  -fvisibility=hidden -Wall -D__QNX__ -I/home/manuel/Projekte/unix-toolbox.js/modules/libgcrypt/src/../../libgpg-error/src/src/
                     -S -o conftest.s conftest.c >/dev/null
configure:15037: $? = 0
configure:15042: /home/manuel/lib/emscripten/emcc  -D__QNX__ -I/home/manuel/Projekte/unix-toolbox.js/modules/libgcrypt/src/../../libgpg-error/src/src/ -Wa,--noexecstack
                       -c -o conftest.o conftest.s >/dev/null
emcc: warning: -I or -L of an absolute path encountered. If this is to a local system header/library, it may cause problems (local system files make sense for compiling natively on your system, but not necessarily to JavaScript)
Traceback (most recent call last):
  File "/home/manuel/lib/emscripten/emcc", line 942, in <module>
    assert has_source_inputs, 'Must have source code inputs to use -c'
AssertionError: Must have source code inputs to use -c
configure:15045: $? = 1
configure:15054: result: no
configure:15837: creating ./config.status

## ---------------- ##
## Cache variables. ##
## ---------------- ##

ac_cv_build=i686-pc-linux-gnu
ac_cv_c_bigendian=no
ac_cv_c_compiler_gnu=yes
ac_cv_c_const=yes
ac_cv_c_inline=inline
ac_cv_env_CCASFLAGS_set=
ac_cv_env_CCASFLAGS_value=
ac_cv_env_CCAS_set=
ac_cv_env_CCAS_value=
ac_cv_env_CC_set=set
ac_cv_env_CC_value=/home/manuel/lib/emscripten/emcc
ac_cv_env_CFLAGS_set=set
ac_cv_env_CFLAGS_value=
ac_cv_env_CPPFLAGS_set=set
ac_cv_env_CPPFLAGS_value='-D__QNX__ -I/home/manuel/Projekte/unix-toolbox.js/modules/libgcrypt/src/../../libgpg-error/src/src/'
ac_cv_env_CPP_set=
ac_cv_env_CPP_value=
ac_cv_env_LDFLAGS_set=
ac_cv_env_LDFLAGS_value=
ac_cv_env_LIBS_set=
ac_cv_env_LIBS_value=
ac_cv_env_build_alias_set=
ac_cv_env_build_alias_value=
ac_cv_env_host_alias_set=
ac_cv_env_host_alias_value=
ac_cv_env_target_alias_set=
ac_cv_env_target_alias_value=
ac_cv_func__doprnt=no
ac_cv_func_atexit=yes
ac_cv_func_clock=yes
ac_cv_func_clock_gettime=yes
ac_cv_func_fcntl=yes
ac_cv_func_ftruncate=yes
ac_cv_func_gethrtime=no
ac_cv_func_getpagesize=yes
ac_cv_func_getpid=yes
ac_cv_func_getrusage=yes
ac_cv_func_gettimeofday=yes
ac_cv_func_memmove=yes
ac_cv_func_mmap=yes
ac_cv_func_raise=yes
ac_cv_func_rand=yes
ac_cv_func_stpcpy=yes
ac_cv_func_strcasecmp=yes
ac_cv_func_strerror=yes
ac_cv_func_stricmp=no
ac_cv_func_strtoul=yes
ac_cv_func_sysconf=yes
ac_cv_func_vprintf=yes
ac_cv_func_wait4=yes
ac_cv_func_waitpid=yes
ac_cv_have_decl_sys_siglist=no
ac_cv_have_dev_random=no
ac_cv_header_dlfcn_h=yes
ac_cv_header_inttypes_h=yes
ac_cv_header_memory_h=yes
ac_cv_header_minix_config_h=no
ac_cv_header_stdc=yes
ac_cv_header_stdint_h=yes
ac_cv_header_stdlib_h=yes
ac_cv_header_string_h=yes
ac_cv_header_strings_h=yes
ac_cv_header_sys_msg_h=no
ac_cv_header_sys_select_h=yes
ac_cv_header_sys_socket_h=yes
ac_cv_header_sys_stat_h=yes
ac_cv_header_sys_types_h=yes
ac_cv_header_unistd_h=yes
ac_cv_host=i686-pc-linux-gnu
ac_cv_mpi_sflags=
ac_cv_objext=o
ac_cv_path_EGREP='/bin/grep -E'
ac_cv_path_FGREP='/bin/grep -F'
ac_cv_path_GREP=/bin/grep
ac_cv_path_SED=/bin/sed
ac_cv_path_ac_pt_GPG_ERROR_CONFIG=/usr/bin/gpg-error-config
ac_cv_path_install='/usr/bin/install -c'
ac_cv_path_mkdir=/bin/mkdir
ac_cv_prog_AWK=mawk
ac_cv_prog_CPP='/home/manuel/lib/emscripten/emcc -E'
ac_cv_prog_ac_ct_AR=/home/manuel/lib/emscripten/emar
ac_cv_prog_ac_ct_CC=/home/manuel/lib/emscripten/emcc
ac_cv_prog_ac_ct_OBJDUMP=objdump
ac_cv_prog_ac_ct_RANLIB=/home/manuel/lib/emscripten/emranlib
ac_cv_prog_ac_ct_STRIP=strip
ac_cv_prog_cc__home_manuel_lib_emscripten_emcc_c_o=yes
ac_cv_prog_cc_c89=
ac_cv_prog_cc_g=yes
ac_cv_prog_make_make_set=yes
ac_cv_safe_to_define___extensions__=yes
ac_cv_search_setsockopt='none required'
ac_cv_search_strerror='none required'
ac_cv_sizeof_unsigned_int=4
ac_cv_sizeof_unsigned_long=4
ac_cv_sizeof_unsigned_long_long=8
ac_cv_sizeof_unsigned_short=2
ac_cv_sys_symbol_underscore=no
ac_cv_type_pid_t=yes
ac_cv_type_signal=void
ac_cv_type_size_t=yes
ac_cv_type_socklen_t=yes
ac_cv_type_uintptr_t=yes
am_cv_CCAS_dependencies_compiler_type=gcc3
am_cv_CC_dependencies_compiler_type=gcc3
cl_cv_as_noexecstack=no
gcry_cv_broken_alias_attribute=no
gcry_cv_broken_visibility_attribute=no
gcry_cv_gcc_has_f_visibility=yes
gcry_cv_visibility_attribute=yes
gnupg_cv_typedef_byte=no
gnupg_cv_typedef_u16=no
gnupg_cv_typedef_u32=no
gnupg_cv_typedef_ulong=no
gnupg_cv_typedef_ushort=yes
lt_cv_deplibs_check_method=pass_all
lt_cv_file_magic_cmd='$MAGIC_CMD'
lt_cv_file_magic_test_file=
lt_cv_ld_reload_flag=-r
lt_cv_nm_interface='BSD nm'
lt_cv_objdir=.libs
lt_cv_path_LD=/home/manuel/lib/emscripten/emcc
lt_cv_path_NM='/usr/bin/nm -B'
lt_cv_prog_compiler_c_o=yes
lt_cv_prog_compiler_c_o_RC=yes
lt_cv_prog_compiler_pic_works=yes
lt_cv_prog_compiler_rtti_exceptions=yes
lt_cv_prog_compiler_static_works=yes
lt_cv_prog_gnu_ld=yes
lt_cv_sys_global_symbol_pipe='sed -n -e '\''s/^.*[	 ]\([ABCDGIRSTW][ABCDGIRSTW]*\)[	 ][	 ]*\([_A-Za-z][_A-Za-z0-9]*\)$/\1 \2 \2/p'\'''
lt_cv_sys_global_symbol_to_c_name_address='sed -n -e '\''s/^: \([^ ]*\) $/  {\"\1\", (void *) 0},/p'\'' -e '\''s/^[ABCDGIRSTW]* \([^ ]*\) \([^ ]*\)$/  {"\2", (void *) \&\2},/p'\'''
lt_cv_sys_global_symbol_to_c_name_address_lib_prefix='sed -n -e '\''s/^: \([^ ]*\) $/  {\"\1\", (void *) 0},/p'\'' -e '\''s/^[ABCDGIRSTW]* \([^ ]*\) \(lib[^ ]*\)$/  {"\2", (void *) \&\2},/p'\'' -e '\''s/^[ABCDGIRSTW]* \([^ ]*\) \([^ ]*\)$/  {"lib\2", (void *) \&\2},/p'\'''
lt_cv_sys_global_symbol_to_cdecl='sed -n -e '\''s/^T .* \(.*\)$/extern int \1();/p'\'' -e '\''s/^[ABCDGIRSTW]* .* \(.*\)$/extern char \1;/p'\'''
lt_cv_sys_max_cmd_len=805306365

## ----------------- ##
## Output variables. ##
## ----------------- ##

ACLOCAL='${SHELL} /home/manuel/Projekte/unix-toolbox.js/modules/libgcrypt/src/missing --run aclocal-1.11'
AMDEPBACKSLASH='\'
AMDEP_FALSE='#'
AMDEP_TRUE=''
AMTAR='${SHELL} /home/manuel/Projekte/unix-toolbox.js/modules/libgcrypt/src/missing --run tar'
AR='/home/manuel/lib/emscripten/emar'
AS='as'
AUTOCONF='${SHELL} /home/manuel/Projekte/unix-toolbox.js/modules/libgcrypt/src/missing --run autoconf'
AUTOHEADER='${SHELL} /home/manuel/Projekte/unix-toolbox.js/modules/libgcrypt/src/missing --run autoheader'
AUTOMAKE='${SHELL} /home/manuel/Projekte/unix-toolbox.js/modules/libgcrypt/src/missing --run automake-1.11'
AWK='mawk'
BUILD_FILEVERSION=''
BUILD_REVISION='41756'
BUILD_TIMESTAMP=''
CC='/home/manuel/lib/emscripten/emcc'
CCAS='/home/manuel/lib/emscripten/emcc'
CCASDEPMODE='depmode=gcc3'
CCASFLAGS=''
CCDEPMODE='depmode=gcc3'
CFLAGS=' -fvisibility=hidden -Wall'
CPP='/home/manuel/lib/emscripten/emcc -E'
CPPFLAGS='-D__QNX__ -I/home/manuel/Projekte/unix-toolbox.js/modules/libgcrypt/src/../../libgpg-error/src/src/'
CROSS_COMPILING_FALSE=''
CROSS_COMPILING_TRUE='#'
CYGPATH_W='echo'
DEFS='-DHAVE_CONFIG_H'
DEPDIR='.deps'
DLLTOOL='dlltool'
DL_LIBS=''
DSYMUTIL=''
DUMPBIN=''
ECHO_C=''
ECHO_N='-n'
ECHO_T=''
EGREP='/bin/grep -E'
ENABLE_O_FLAG_MUNGING_FALSE='#'
ENABLE_O_FLAG_MUNGING_TRUE=''
EXEEXT=''
FALLBACK_SOCKLEN_T='typedef socklen_t gcry_socklen_t;'
FGREP='/bin/grep -F'
GCRYPT_CIPHERS=' arcfour.lo blowfish.lo cast5.lo des.lo rijndael.lo twofish.lo serpent.lo rfc2268.lo seed.lo camellia.lo camellia-glue.lo'
GCRYPT_DIGESTS=' crc.lo md4.lo md5.lo sha256.lo sha512.lo tiger.lo whirlpool.lo rmd160.lo sha1.lo'
GCRYPT_PUBKEY_CIPHERS=' dsa.lo rsa.lo elgamal.lo ecc.lo'
GCRYPT_RANDOM=' rndlinux.lo rndunix.lo rndegd.lo'
GPG_ERROR_CFLAGS=''
GPG_ERROR_CONFIG='/usr/bin/gpg-error-config'
GPG_ERROR_LIBS='-L/usr/lib/i386-linux-gnu -lgpg-error'
GREP='/bin/grep'
HAVE_LD_VERSION_SCRIPT_FALSE='#'
HAVE_LD_VERSION_SCRIPT_TRUE=''
HAVE_W32CE_SYSTEM_FALSE=''
HAVE_W32CE_SYSTEM_TRUE='#'
HAVE_W32_SYSTEM_FALSE=''
HAVE_W32_SYSTEM_TRUE='#'
INSERT_SYS_SELECT_H=' include <sys/select.h>'
INSTALL_DATA='${INSTALL} -m 644'
INSTALL_PROGRAM='${INSTALL}'
INSTALL_SCRIPT='${INSTALL}'
INSTALL_STRIP_PROGRAM='$(install_sh) -c -s'
LD='/home/manuel/lib/emscripten/emcc'
LDFLAGS=''
LIBGCRYPT_CIPHERS='arcfour blowfish cast5 des aes twofish serpent rfc2268 seed camellia'
LIBGCRYPT_CONFIG_API_VERSION='1'
LIBGCRYPT_CONFIG_CFLAGS=''
LIBGCRYPT_CONFIG_HOST='i686-pc-linux-gnu'
LIBGCRYPT_CONFIG_LIBS='-lgcrypt'
LIBGCRYPT_DIGESTS='crc md4 md5 rmd160 sha1 sha256 sha512 tiger whirlpool'
LIBGCRYPT_LT_AGE='7'
LIBGCRYPT_LT_CURRENT='18'
LIBGCRYPT_LT_REVISION='0'
LIBGCRYPT_PUBKEY_CIPHERS='dsa elgamal rsa ecc'
LIBGCRYPT_THREAD_MODULES=''
LIBOBJS=''
LIBS=''
LIBTOOL='$(SHELL) $(top_builddir)/libtool'
LIPO=''
LN_S='ln -s'
LTLIBOBJS=''
MAINT='#'
MAINTAINER_MODE_FALSE=''
MAINTAINER_MODE_TRUE='#'
MAKEINFO='${SHELL} /home/manuel/Projekte/unix-toolbox.js/modules/libgcrypt/src/missing --run makeinfo'
MKDIR_P='/bin/mkdir -p'
MPI_MOD_ASM_MPIH_ADD1_FALSE=''
MPI_MOD_ASM_MPIH_ADD1_TRUE='#'
MPI_MOD_ASM_MPIH_LSHIFT_FALSE=''
MPI_MOD_ASM_MPIH_LSHIFT_TRUE='#'
MPI_MOD_ASM_MPIH_MUL1_FALSE=''
MPI_MOD_ASM_MPIH_MUL1_TRUE='#'
MPI_MOD_ASM_MPIH_MUL2_FALSE=''
MPI_MOD_ASM_MPIH_MUL2_TRUE='#'
MPI_MOD_ASM_MPIH_MUL3_FALSE=''
MPI_MOD_ASM_MPIH_MUL3_TRUE='#'
MPI_MOD_ASM_MPIH_RSHIFT_FALSE=''
MPI_MOD_ASM_MPIH_RSHIFT_TRUE='#'
MPI_MOD_ASM_MPIH_SUB1_FALSE=''
MPI_MOD_ASM_MPIH_SUB1_TRUE='#'
MPI_MOD_ASM_UDIV_FALSE=''
MPI_MOD_ASM_UDIV_QRNND_FALSE=''
MPI_MOD_ASM_UDIV_QRNND_TRUE='#'
MPI_MOD_ASM_UDIV_TRUE='#'
MPI_MOD_C_MPIH_ADD1_FALSE='#'
MPI_MOD_C_MPIH_ADD1_TRUE=''
MPI_MOD_C_MPIH_LSHIFT_FALSE='#'
MPI_MOD_C_MPIH_LSHIFT_TRUE=''
MPI_MOD_C_MPIH_MUL1_FALSE='#'
MPI_MOD_C_MPIH_MUL1_TRUE=''
MPI_MOD_C_MPIH_MUL2_FALSE='#'
MPI_MOD_C_MPIH_MUL2_TRUE=''
MPI_MOD_C_MPIH_MUL3_FALSE='#'
MPI_MOD_C_MPIH_MUL3_TRUE=''
MPI_MOD_C_MPIH_RSHIFT_FALSE='#'
MPI_MOD_C_MPIH_RSHIFT_TRUE=''
MPI_MOD_C_MPIH_SUB1_FALSE='#'
MPI_MOD_C_MPIH_SUB1_TRUE=''
MPI_MOD_C_UDIV_FALSE=''
MPI_MOD_C_UDIV_QRNND_FALSE=''
MPI_MOD_C_UDIV_QRNND_TRUE='#'
MPI_MOD_C_UDIV_TRUE='#'
MPI_SFLAGS=''
NM='/usr/bin/nm -B'
NMEDIT=''
NOEXECSTACK_FLAGS=''
OBJDUMP='objdump'
OBJEXT='o'
OTOOL64=''
OTOOL=''
PACKAGE='libgcrypt'
PACKAGE_BUGREPORT='bug-libgcrypt@gnupg.org'
PACKAGE_NAME='libgcrypt'
PACKAGE_STRING='libgcrypt 1.5.0'
PACKAGE_TARNAME='libgcrypt'
PACKAGE_URL=''
PACKAGE_VERSION='1.5.0'
PATH_SEPARATOR=':'
PTH_CFLAGS=''
PTH_CONFIG=''
PTH_LIBS=''
RANLIB='/home/manuel/lib/emscripten/emranlib'
RC=''
SED='/bin/sed'
SET_MAKE=''
SHELL='/bin/bash'
STRIP='strip'
SYS_SOCKET_H=''
USE_RANDOM_DAEMON_FALSE=''
USE_RANDOM_DAEMON_TRUE='#'
VERSION='1.5.0'
ac_ct_CC='/home/manuel/lib/emscripten/emcc'
ac_ct_DUMPBIN=''
am__EXEEXT_FALSE=''
am__EXEEXT_TRUE='#'
am__fastdepCCAS_FALSE='#'
am__fastdepCCAS_TRUE=''
am__fastdepCC_FALSE='#'
am__fastdepCC_TRUE=''
am__include='include'
am__isrc=''
am__leading_dot='.'
am__quote=''
am__tar='${AMTAR} chof - "$$tardir"'
am__untar='${AMTAR} xf -'
bindir='${exec_prefix}/bin'
build='i686-pc-linux-gnu'
build_alias=''
build_cpu='i686'
build_os='linux-gnu'
build_vendor='pc'
datadir='${datarootdir}'
datarootdir='${prefix}/share'
docdir='${datarootdir}/doc/${PACKAGE_TARNAME}'
dvidir='${docdir}'
emacs_local_vars_begin='Local Variables:'
emacs_local_vars_end='End:'
emacs_local_vars_read_only='buffer-read-only: t'
exec_prefix='${prefix}'
host='i686-pc-linux-gnu'
host_alias=''
host_cpu='i686'
host_os='linux-gnu'
host_vendor='pc'
htmldir='${docdir}'
includedir='${prefix}/include'
infodir='${datarootdir}/info'
install_sh='${SHELL} /home/manuel/Projekte/unix-toolbox.js/modules/libgcrypt/src/install-sh'
libdir='${exec_prefix}/lib'
libexecdir='${exec_prefix}/libexec'
localedir='${datarootdir}/locale'
localstatedir='${prefix}/var'
lt_ECHO='echo'
mandir='${datarootdir}/man'
mkdir_p='/bin/mkdir -p'
oldincludedir='/usr/include'
pdfdir='${docdir}'
prefix='/usr/local'
program_transform_name='s,x,x,'
psdir='${docdir}'
sbindir='${exec_prefix}/sbin'
sharedstatedir='${prefix}/com'
sysconfdir='${prefix}/etc'
target_alias=''

## ----------- ##
## confdefs.h. ##
## ----------- ##

/* confdefs.h */
#define PACKAGE_NAME "libgcrypt"
#define PACKAGE_TARNAME "libgcrypt"
#define PACKAGE_VERSION "1.5.0"
#define PACKAGE_STRING "libgcrypt 1.5.0"
#define PACKAGE_BUGREPORT "bug-libgcrypt@gnupg.org"
#define PACKAGE_URL ""
#define PACKAGE "libgcrypt"
#define VERSION "1.5.0"
#define PACKAGE "libgcrypt"
#define VERSION "1.5.0"
#define STDC_HEADERS 1
#define HAVE_SYS_TYPES_H 1
#define HAVE_SYS_STAT_H 1
#define HAVE_STDLIB_H 1
#define HAVE_STRING_H 1
#define HAVE_MEMORY_H 1
#define HAVE_STRINGS_H 1
#define HAVE_INTTYPES_H 1
#define HAVE_STDINT_H 1
#define HAVE_UNISTD_H 1
#define __EXTENSIONS__ 1
#define _ALL_SOURCE 1
#define _GNU_SOURCE 1
#define _POSIX_PTHREAD_SEMANTICS 1
#define _TANDEM_SOURCE 1
#define HAVE_DLFCN_H 1
#define LT_OBJDIR ".libs/"
#define SIZEOF_UNSIGNED_SHORT 2
#define SIZEOF_UNSIGNED_INT 4
#define SIZEOF_UNSIGNED_LONG 4
#define SIZEOF_UNSIGNED_LONG_LONG 8
#define HAVE_UINTPTR_T 1
#define EGD_SOCKET_NAME ""
#define ENABLE_PADLOCK_SUPPORT 1
#define ENABLE_AESNI_SUPPORT 1
#define PRINTABLE_OS_NAME "GNU/Linux"
#define NAME_OF_DEV_RANDOM "/dev/random"
#define NAME_OF_DEV_URANDOM "/dev/urandom"
#define GPG_ERR_SOURCE_DEFAULT GPG_ERR_SOURCE_GCRYPT
#define STDC_HEADERS 1
#define HAVE_UNISTD_H 1
#define HAVE_SYS_SELECT_H 1
#define RETSIGTYPE void
#define HAVE_DECL_SYS_SIGLIST 0
#define HAVE_USHORT_TYPEDEF 1
#define HAVE_SYS_SOCKET_H 1
#define GCRY_USE_VISIBILITY 1
#define HAVE_VPRINTF 1
#define HAVE_STPCPY 1
#define HAVE_STRCASECMP 1
#define HAVE_STRTOUL 1
#define HAVE_MEMMOVE 1
#define HAVE_ATEXIT 1
#define HAVE_RAISE 1
#define HAVE_STRERROR 1
#define HAVE_RAND 1
#define HAVE_MMAP 1
#define HAVE_GETPAGESIZE 1
#define HAVE_SYSCONF 1
#define HAVE_WAITPID 1
#define HAVE_WAIT4 1
#define HAVE_GETTIMEOFDAY 1
#define HAVE_GETRUSAGE 1
#define HAVE_CLOCK_GETTIME 1
#define HAVE_FCNTL 1
#define HAVE_FTRUNCATE 1
#define HAVE_GETPID 1
#define HAVE_CLOCK 1
#define USE_ARCFOUR 1
#define USE_BLOWFISH 1
#define USE_CAST5 1
#define USE_DES 1
#define USE_AES 1
#define USE_TWOFISH 1
#define USE_SERPENT 1
#define USE_RFC2268 1
#define USE_SEED 1
#define USE_CAMELLIA 1
#define USE_DSA 1
#define USE_RSA 1
#define USE_ELGAMAL 1
#define USE_ECC 1
#define USE_CRC 1
#define USE_MD4 1
#define USE_MD5 1
#define USE_SHA256 1
#define USE_SHA512 1
#define USE_TIGER 1
#define USE_WHIRLPOOL 1
#define USE_RMD160 1
#define USE_SHA1 1
#define USE_RNDLINUX 1
#define USE_RNDUNIX 1
#define USE_RNDEGD 1
#define LIBGCRYPT_CIPHERS "arcfour:blowfish:cast5:des:aes:twofish:serpent:rfc2268:seed:camellia"
#define LIBGCRYPT_PUBKEY_CIPHERS "dsa:elgamal:rsa:ecc"
#define LIBGCRYPT_DIGESTS "crc:md4:md5:rmd160:sha1:sha256:sha512:tiger:whirlpool"
#define BUILD_REVISION "41756"

configure: exit 0

## ---------------------- ##
## Running config.status. ##
## ---------------------- ##

This file was extended by libgcrypt config.status 1.5.0, which was
generated by GNU Autoconf 2.64.  Invocation command line was

  CONFIG_FILES    = 
  CONFIG_HEADERS  = 
  CONFIG_LINKS    = 
  CONFIG_COMMANDS = 
  $ ./config.status 

on canttouchthis

config.status:1298: creating Makefile
config.status:1298: creating m4/Makefile
config.status:1298: creating compat/Makefile
config.status:1298: creating mpi/Makefile
config.status:1298: creating cipher/Makefile
config.status:1298: creating random/Makefile
config.status:1298: creating doc/Makefile
config.status:1298: creating src/Makefile
config.status:1298: creating src/gcrypt.h
config.status:1298: creating src/libgcrypt-config
config.status:1298: creating src/versioninfo.rc
config.status:1298: creating tests/Makefile
config.status:1298: creating config.h
config.status:1530: linking mpi/generic/mpih-add1.c to mpi/mpih-add1.c
config.status:1530: linking mpi/generic/mpih-sub1.c to mpi/mpih-sub1.c
config.status:1530: linking mpi/generic/mpih-mul1.c to mpi/mpih-mul1.c
config.status:1530: linking mpi/generic/mpih-mul2.c to mpi/mpih-mul2.c
config.status:1530: linking mpi/generic/mpih-mul3.c to mpi/mpih-mul3.c
config.status:1530: linking mpi/generic/mpih-lshift.c to mpi/mpih-lshift.c
config.status:1530: linking mpi/generic/mpih-rshift.c to mpi/mpih-rshift.c
config.status:1530: linking mpi/generic/mpi-asm-defs.h to mpi/mpi-asm-defs.h
config.status:1549: executing depfiles commands
config.status:1549: executing libtool commands
config.status:1549: executing gcrypt-conf commands
